2022-05-20 20:49:05,569 [main] INFO  c.c.p.PostProcessingApplication                    - Starting PostProcessingApplication using Java 1.8.0_131 on HTCLT2438 with PID 19212 (D:\postprocessing-code\Dev\postprocessing-application-insights-new\target\classes started by kumar.charanswain in D:\postprocessing-code\Dev\postprocessing-application-insights-new)
2022-05-20 20:49:05,636 [main] INFO  c.c.p.PostProcessingApplication                    - The following 1 profile is active: "dev"
2022-05-20 20:49:06,414 [main] INFO  o.s.cloud.context.scope.GenericScope               - BeanFactory id=906ce29f-0a4e-3067-81d7-4347f853df96
2022-05-20 20:49:06,435 [main] INFO  c.u.j.c.EnableEncryptablePropertiesBeanFactoryPostProcessor - Post-processing PropertySource instances
2022-05-20 20:49:06,512 [main] INFO  c.u.j.EncryptablePropertySourceConverter           - Converting PropertySource configurationProperties [org.springframework.boot.context.properties.source.ConfigurationPropertySourcesPropertySource] to AOP Proxy
2022-05-20 20:49:06,514 [main] INFO  c.u.j.EncryptablePropertySourceConverter           - Converting PropertySource commandLineArgs [org.springframework.core.env.SimpleCommandLinePropertySource] to EncryptableEnumerablePropertySourceWrapper
2022-05-20 20:49:06,514 [main] INFO  c.u.j.EncryptablePropertySourceConverter           - Converting PropertySource servletConfigInitParams [org.springframework.core.env.PropertySource$StubPropertySource] to EncryptablePropertySourceWrapper
2022-05-20 20:49:06,514 [main] INFO  c.u.j.EncryptablePropertySourceConverter           - Converting PropertySource servletContextInitParams [org.springframework.core.env.PropertySource$StubPropertySource] to EncryptablePropertySourceWrapper
2022-05-20 20:49:06,515 [main] INFO  c.u.j.EncryptablePropertySourceConverter           - Converting PropertySource systemProperties [org.springframework.core.env.PropertiesPropertySource] to EncryptableMapPropertySourceWrapper
2022-05-20 20:49:06,515 [main] INFO  c.u.j.EncryptablePropertySourceConverter           - Converting PropertySource systemEnvironment [org.springframework.boot.env.SystemEnvironmentPropertySourceEnvironmentPostProcessor$OriginAwareSystemEnvironmentPropertySource] to EncryptableSystemEnvironmentPropertySourceWrapper
2022-05-20 20:49:06,516 [main] INFO  c.u.j.EncryptablePropertySourceConverter           - Converting PropertySource random [org.springframework.boot.env.RandomValuePropertySource] to EncryptablePropertySourceWrapper
2022-05-20 20:49:06,516 [main] INFO  c.u.j.EncryptablePropertySourceConverter           - Converting PropertySource cachedrandom [org.springframework.cloud.util.random.CachedRandomPropertySource] to EncryptablePropertySourceWrapper
2022-05-20 20:49:06,516 [main] INFO  c.u.j.EncryptablePropertySourceConverter           - Converting PropertySource springCloudClientHostInfo [org.springframework.core.env.MapPropertySource] to EncryptableMapPropertySourceWrapper
2022-05-20 20:49:06,516 [main] INFO  c.u.j.EncryptablePropertySourceConverter           - Converting PropertySource Config resource 'class path resource [application-dev.properties]' via location 'optional:classpath:/' [org.springframework.boot.env.OriginTrackedMapPropertySource] to EncryptableMapPropertySourceWrapper
2022-05-20 20:49:06,517 [main] INFO  c.u.j.EncryptablePropertySourceConverter           - Converting PropertySource Config resource 'class path resource [application.properties]' via location 'optional:classpath:/' [org.springframework.boot.env.OriginTrackedMapPropertySource] to EncryptableMapPropertySourceWrapper
2022-05-20 20:49:06,678 [main] INFO  c.u.j.filter.DefaultLazyPropertyFilter             - Property Filter custom Bean not found with name 'encryptablePropertyFilter'. Initializing Default Property Filter
2022-05-20 20:49:07,006 [main] INFO  o.s.b.w.embedded.tomcat.TomcatWebServer            - Tomcat initialized with port(s): 8080 (http)
2022-05-20 20:49:07,016 [main] INFO  o.apache.coyote.http11.Http11NioProtocol           - Initializing ProtocolHandler ["http-nio-8080"]
2022-05-20 20:49:07,017 [main] INFO  org.apache.catalina.core.StandardService           - Starting service [Tomcat]
2022-05-20 20:49:07,017 [main] INFO  org.apache.catalina.core.StandardEngine            - Starting Servlet engine: [Apache Tomcat/9.0.58]
2022-05-20 20:49:07,287 [main] INFO  o.a.c.c.C.[Tomcat].[localhost].[/]                 - Initializing Spring embedded WebApplicationContext
2022-05-20 20:49:07,287 [main] INFO  o.s.b.w.s.c.ServletWebServerApplicationContext     - Root WebApplicationContext: initialization completed in 1600 ms
2022-05-20 20:49:07,302 [main] INFO  c.u.j.r.DefaultLazyPropertyResolver                - Property Resolver custom Bean not found with name 'encryptablePropertyResolver'. Initializing Default Property Resolver
2022-05-20 20:49:07,308 [main] INFO  c.u.j.d.DefaultLazyPropertyDetector                - Property Detector custom Bean not found with name 'encryptablePropertyDetector'. Initializing Default Property Detector
2022-05-20 20:49:07,524 [main] INFO  c.u.j.encryptor.DefaultLazyEncryptor               - String Encryptor custom Bean not found with name 'jasyptStringEncryptor'. Initializing Default String Encryptor
2022-05-20 20:49:07,544 [main] INFO  c.u.j.encryptor.DefaultLazyEncryptor               - Encryptor config not found for property jasypt.encryptor.key-obtention-iterations, using default value: 1000
2022-05-20 20:49:07,545 [main] INFO  c.u.j.encryptor.DefaultLazyEncryptor               - Encryptor config not found for property jasypt.encryptor.pool-size, using default value: 1
2022-05-20 20:49:07,546 [main] INFO  c.u.j.encryptor.DefaultLazyEncryptor               - Encryptor config not found for property jasypt.encryptor.provider-name, using default value: null
2022-05-20 20:49:07,547 [main] INFO  c.u.j.encryptor.DefaultLazyEncryptor               - Encryptor config not found for property jasypt.encryptor.provider-class-name, using default value: null
2022-05-20 20:49:07,548 [main] INFO  c.u.j.encryptor.DefaultLazyEncryptor               - Encryptor config not found for property jasypt.encryptor.salt-generator-classname, using default value: org.jasypt.salt.RandomSaltGenerator
2022-05-20 20:49:07,551 [main] INFO  c.u.j.encryptor.DefaultLazyEncryptor               - Encryptor config not found for property jasypt.encryptor.string-output-type, using default value: base64
2022-05-20 20:49:08,308 [main] INFO  o.s.b.a.s.s.UserDetailsServiceAutoConfiguration    - 

Using generated security password: 4bfc3c04-d605-40dc-a872-2fa3898618b3

2022-05-20 20:49:08,423 [main] INFO  o.s.s.web.DefaultSecurityFilterChain               - Will not secure any request
2022-05-20 20:49:08,843 [main] INFO  o.apache.coyote.http11.Http11NioProtocol           - Starting ProtocolHandler ["http-nio-8080"]
2022-05-20 20:49:08,869 [main] INFO  o.s.b.w.embedded.tomcat.TomcatWebServer            - Tomcat started on port(s): 8080 (http) with context path ''
2022-05-20 20:49:09,196 [main] INFO  c.c.p.PostProcessingApplication                    - Started PostProcessingApplication in 5.005 seconds (JVM running for 6.42)
2022-05-20 20:50:23,640 [scheduling-1] INFO  c.a.c.i.jackson.JacksonVersion                     - Package versions: jackson-annotations=2.13.1, jackson-core=2.13.1, jackson-databind=2.13.1, jackson-dataformat-xml=2.13.1, jackson-datatype-jsr310=2.13.1, azure-core=1.25.0, Troubleshooting version conflicts: https://aka.ms/azsdk/java/dependency/troubleshoot
2022-05-20 20:51:40,736 [scheduling-1] INFO  c.c.p.scheduler.PostProcessingScheduler            - post processing archive completed successfully
2022-05-20 20:57:22,139 [main] INFO  c.c.p.PostProcessingApplication                    - Starting PostProcessingApplication using Java 1.8.0_131 on HTCLT2438 with PID 20892 (D:\postprocessing-code\Dev\postprocessing-application-insights-new\target\classes started by kumar.charanswain in D:\postprocessing-code\Dev\postprocessing-application-insights-new)
2022-05-20 20:57:22,176 [main] INFO  c.c.p.PostProcessingApplication                    - The following 1 profile is active: "dev"
2022-05-20 20:57:24,269 [main] INFO  o.s.cloud.context.scope.GenericScope               - BeanFactory id=906ce29f-0a4e-3067-81d7-4347f853df96
2022-05-20 20:57:24,316 [main] INFO  c.u.j.c.EnableEncryptablePropertiesBeanFactoryPostProcessor - Post-processing PropertySource instances
2022-05-20 20:57:24,487 [main] INFO  c.u.j.EncryptablePropertySourceConverter           - Converting PropertySource configurationProperties [org.springframework.boot.context.properties.source.ConfigurationPropertySourcesPropertySource] to AOP Proxy
2022-05-20 20:57:24,491 [main] INFO  c.u.j.EncryptablePropertySourceConverter           - Converting PropertySource commandLineArgs [org.springframework.core.env.SimpleCommandLinePropertySource] to EncryptableEnumerablePropertySourceWrapper
2022-05-20 20:57:24,492 [main] INFO  c.u.j.EncryptablePropertySourceConverter           - Converting PropertySource servletConfigInitParams [org.springframework.core.env.PropertySource$StubPropertySource] to EncryptablePropertySourceWrapper
2022-05-20 20:57:24,494 [main] INFO  c.u.j.EncryptablePropertySourceConverter           - Converting PropertySource servletContextInitParams [org.springframework.core.env.PropertySource$StubPropertySource] to EncryptablePropertySourceWrapper
2022-05-20 20:57:24,495 [main] INFO  c.u.j.EncryptablePropertySourceConverter           - Converting PropertySource systemProperties [org.springframework.core.env.PropertiesPropertySource] to EncryptableMapPropertySourceWrapper
2022-05-20 20:57:24,496 [main] INFO  c.u.j.EncryptablePropertySourceConverter           - Converting PropertySource systemEnvironment [org.springframework.boot.env.SystemEnvironmentPropertySourceEnvironmentPostProcessor$OriginAwareSystemEnvironmentPropertySource] to EncryptableSystemEnvironmentPropertySourceWrapper
2022-05-20 20:57:24,497 [main] INFO  c.u.j.EncryptablePropertySourceConverter           - Converting PropertySource random [org.springframework.boot.env.RandomValuePropertySource] to EncryptablePropertySourceWrapper
2022-05-20 20:57:24,497 [main] INFO  c.u.j.EncryptablePropertySourceConverter           - Converting PropertySource cachedrandom [org.springframework.cloud.util.random.CachedRandomPropertySource] to EncryptablePropertySourceWrapper
2022-05-20 20:57:24,498 [main] INFO  c.u.j.EncryptablePropertySourceConverter           - Converting PropertySource springCloudClientHostInfo [org.springframework.core.env.MapPropertySource] to EncryptableMapPropertySourceWrapper
2022-05-20 20:57:24,499 [main] INFO  c.u.j.EncryptablePropertySourceConverter           - Converting PropertySource Config resource 'class path resource [application-dev.properties]' via location 'optional:classpath:/' [org.springframework.boot.env.OriginTrackedMapPropertySource] to EncryptableMapPropertySourceWrapper
2022-05-20 20:57:24,500 [main] INFO  c.u.j.EncryptablePropertySourceConverter           - Converting PropertySource Config resource 'class path resource [application.properties]' via location 'optional:classpath:/' [org.springframework.boot.env.OriginTrackedMapPropertySource] to EncryptableMapPropertySourceWrapper
2022-05-20 20:57:24,811 [main] INFO  c.u.j.filter.DefaultLazyPropertyFilter             - Property Filter custom Bean not found with name 'encryptablePropertyFilter'. Initializing Default Property Filter
2022-05-20 20:57:25,585 [main] INFO  o.s.b.w.embedded.tomcat.TomcatWebServer            - Tomcat initialized with port(s): 8080 (http)
2022-05-20 20:57:25,615 [main] INFO  o.apache.coyote.http11.Http11NioProtocol           - Initializing ProtocolHandler ["http-nio-8080"]
2022-05-20 20:57:25,616 [main] INFO  org.apache.catalina.core.StandardService           - Starting service [Tomcat]
2022-05-20 20:57:25,617 [main] INFO  org.apache.catalina.core.StandardEngine            - Starting Servlet engine: [Apache Tomcat/9.0.58]
2022-05-20 20:57:26,230 [main] INFO  o.a.c.c.C.[Tomcat].[localhost].[/]                 - Initializing Spring embedded WebApplicationContext
2022-05-20 20:57:26,231 [main] INFO  o.s.b.w.s.c.ServletWebServerApplicationContext     - Root WebApplicationContext: initialization completed in 3935 ms
2022-05-20 20:57:26,271 [main] INFO  c.u.j.r.DefaultLazyPropertyResolver                - Property Resolver custom Bean not found with name 'encryptablePropertyResolver'. Initializing Default Property Resolver
2022-05-20 20:57:26,279 [main] INFO  c.u.j.d.DefaultLazyPropertyDetector                - Property Detector custom Bean not found with name 'encryptablePropertyDetector'. Initializing Default Property Detector
2022-05-20 20:57:26,786 [main] INFO  c.u.j.encryptor.DefaultLazyEncryptor               - String Encryptor custom Bean not found with name 'jasyptStringEncryptor'. Initializing Default String Encryptor
2022-05-20 20:57:26,876 [main] INFO  c.u.j.encryptor.DefaultLazyEncryptor               - Encryptor config not found for property jasypt.encryptor.key-obtention-iterations, using default value: 1000
2022-05-20 20:57:26,877 [main] INFO  c.u.j.encryptor.DefaultLazyEncryptor               - Encryptor config not found for property jasypt.encryptor.pool-size, using default value: 1
2022-05-20 20:57:26,879 [main] INFO  c.u.j.encryptor.DefaultLazyEncryptor               - Encryptor config not found for property jasypt.encryptor.provider-name, using default value: null
2022-05-20 20:57:26,882 [main] INFO  c.u.j.encryptor.DefaultLazyEncryptor               - Encryptor config not found for property jasypt.encryptor.provider-class-name, using default value: null
2022-05-20 20:57:26,884 [main] INFO  c.u.j.encryptor.DefaultLazyEncryptor               - Encryptor config not found for property jasypt.encryptor.salt-generator-classname, using default value: org.jasypt.salt.RandomSaltGenerator
2022-05-20 20:57:26,893 [main] INFO  c.u.j.encryptor.DefaultLazyEncryptor               - Encryptor config not found for property jasypt.encryptor.string-output-type, using default value: base64
2022-05-20 20:57:28,551 [main] INFO  o.s.b.a.s.s.UserDetailsServiceAutoConfiguration    - 

Using generated security password: a17c0474-b43d-43f1-922c-b807968af1b0

2022-05-20 20:57:28,847 [main] INFO  o.s.s.web.DefaultSecurityFilterChain               - Will not secure any request
2022-05-20 20:57:29,875 [main] INFO  o.apache.coyote.http11.Http11NioProtocol           - Starting ProtocolHandler ["http-nio-8080"]
2022-05-20 20:57:29,924 [main] INFO  o.s.b.w.embedded.tomcat.TomcatWebServer            - Tomcat started on port(s): 8080 (http) with context path ''
2022-05-20 20:57:30,814 [main] INFO  c.c.p.PostProcessingApplication                    - Started PostProcessingApplication in 10.308 seconds (JVM running for 11.859)
2022-05-20 20:58:08,669 [scheduling-1] INFO  c.a.c.i.jackson.JacksonVersion                     - Package versions: jackson-annotations=2.13.1, jackson-core=2.13.1, jackson-databind=2.13.1, jackson-dataformat-xml=2.13.1, jackson-datatype-jsr310=2.13.1, azure-core=1.25.0, Troubleshooting version conflicts: https://aka.ms/azsdk/java/dependency/troubleshoot
2022-05-20 20:58:40,823 [scheduling-1] INFO  c.c.p.scheduler.PostProcessingScheduler            - post processing archive completed successfully
2022-05-20 21:00:59,464 [main] INFO  c.c.p.PostProcessingApplication                    - Starting PostProcessingApplication using Java 1.8.0_131 on HTCLT2438 with PID 18916 (D:\postprocessing-code\Dev\postprocessing-application-insights-new\target\classes started by kumar.charanswain in D:\postprocessing-code\Dev\postprocessing-application-insights-new)
2022-05-20 21:00:59,482 [main] INFO  c.c.p.PostProcessingApplication                    - The following 1 profile is active: "dev"
2022-05-20 21:01:00,283 [main] INFO  o.s.cloud.context.scope.GenericScope               - BeanFactory id=906ce29f-0a4e-3067-81d7-4347f853df96
2022-05-20 21:01:00,299 [main] INFO  c.u.j.c.EnableEncryptablePropertiesBeanFactoryPostProcessor - Post-processing PropertySource instances
2022-05-20 21:01:00,356 [main] INFO  c.u.j.EncryptablePropertySourceConverter           - Converting PropertySource configurationProperties [org.springframework.boot.context.properties.source.ConfigurationPropertySourcesPropertySource] to AOP Proxy
2022-05-20 21:01:00,358 [main] INFO  c.u.j.EncryptablePropertySourceConverter           - Converting PropertySource commandLineArgs [org.springframework.core.env.SimpleCommandLinePropertySource] to EncryptableEnumerablePropertySourceWrapper
2022-05-20 21:01:00,359 [main] INFO  c.u.j.EncryptablePropertySourceConverter           - Converting PropertySource servletConfigInitParams [org.springframework.core.env.PropertySource$StubPropertySource] to EncryptablePropertySourceWrapper
2022-05-20 21:01:00,359 [main] INFO  c.u.j.EncryptablePropertySourceConverter           - Converting PropertySource servletContextInitParams [org.springframework.core.env.PropertySource$StubPropertySource] to EncryptablePropertySourceWrapper
2022-05-20 21:01:00,359 [main] INFO  c.u.j.EncryptablePropertySourceConverter           - Converting PropertySource systemProperties [org.springframework.core.env.PropertiesPropertySource] to EncryptableMapPropertySourceWrapper
2022-05-20 21:01:00,360 [main] INFO  c.u.j.EncryptablePropertySourceConverter           - Converting PropertySource systemEnvironment [org.springframework.boot.env.SystemEnvironmentPropertySourceEnvironmentPostProcessor$OriginAwareSystemEnvironmentPropertySource] to EncryptableSystemEnvironmentPropertySourceWrapper
2022-05-20 21:01:00,360 [main] INFO  c.u.j.EncryptablePropertySourceConverter           - Converting PropertySource random [org.springframework.boot.env.RandomValuePropertySource] to EncryptablePropertySourceWrapper
2022-05-20 21:01:00,360 [main] INFO  c.u.j.EncryptablePropertySourceConverter           - Converting PropertySource cachedrandom [org.springframework.cloud.util.random.CachedRandomPropertySource] to EncryptablePropertySourceWrapper
2022-05-20 21:01:00,360 [main] INFO  c.u.j.EncryptablePropertySourceConverter           - Converting PropertySource springCloudClientHostInfo [org.springframework.core.env.MapPropertySource] to EncryptableMapPropertySourceWrapper
2022-05-20 21:01:00,361 [main] INFO  c.u.j.EncryptablePropertySourceConverter           - Converting PropertySource Config resource 'class path resource [application-dev.properties]' via location 'optional:classpath:/' [org.springframework.boot.env.OriginTrackedMapPropertySource] to EncryptableMapPropertySourceWrapper
2022-05-20 21:01:00,361 [main] INFO  c.u.j.EncryptablePropertySourceConverter           - Converting PropertySource Config resource 'class path resource [application.properties]' via location 'optional:classpath:/' [org.springframework.boot.env.OriginTrackedMapPropertySource] to EncryptableMapPropertySourceWrapper
2022-05-20 21:01:00,514 [main] INFO  c.u.j.filter.DefaultLazyPropertyFilter             - Property Filter custom Bean not found with name 'encryptablePropertyFilter'. Initializing Default Property Filter
2022-05-20 21:01:00,807 [main] INFO  o.s.b.w.embedded.tomcat.TomcatWebServer            - Tomcat initialized with port(s): 8080 (http)
2022-05-20 21:01:00,815 [main] INFO  o.apache.coyote.http11.Http11NioProtocol           - Initializing ProtocolHandler ["http-nio-8080"]
2022-05-20 21:01:00,816 [main] INFO  org.apache.catalina.core.StandardService           - Starting service [Tomcat]
2022-05-20 21:01:00,816 [main] INFO  org.apache.catalina.core.StandardEngine            - Starting Servlet engine: [Apache Tomcat/9.0.58]
2022-05-20 21:01:01,053 [main] INFO  o.a.c.c.C.[Tomcat].[localhost].[/]                 - Initializing Spring embedded WebApplicationContext
2022-05-20 21:01:01,053 [main] INFO  o.s.b.w.s.c.ServletWebServerApplicationContext     - Root WebApplicationContext: initialization completed in 1517 ms
2022-05-20 21:01:01,067 [main] INFO  c.u.j.r.DefaultLazyPropertyResolver                - Property Resolver custom Bean not found with name 'encryptablePropertyResolver'. Initializing Default Property Resolver
2022-05-20 21:01:01,072 [main] INFO  c.u.j.d.DefaultLazyPropertyDetector                - Property Detector custom Bean not found with name 'encryptablePropertyDetector'. Initializing Default Property Detector
2022-05-20 21:01:01,310 [main] INFO  c.u.j.encryptor.DefaultLazyEncryptor               - String Encryptor custom Bean not found with name 'jasyptStringEncryptor'. Initializing Default String Encryptor
2022-05-20 21:01:01,336 [main] INFO  c.u.j.encryptor.DefaultLazyEncryptor               - Encryptor config not found for property jasypt.encryptor.key-obtention-iterations, using default value: 1000
2022-05-20 21:01:01,337 [main] INFO  c.u.j.encryptor.DefaultLazyEncryptor               - Encryptor config not found for property jasypt.encryptor.pool-size, using default value: 1
2022-05-20 21:01:01,338 [main] INFO  c.u.j.encryptor.DefaultLazyEncryptor               - Encryptor config not found for property jasypt.encryptor.provider-name, using default value: null
2022-05-20 21:01:01,339 [main] INFO  c.u.j.encryptor.DefaultLazyEncryptor               - Encryptor config not found for property jasypt.encryptor.provider-class-name, using default value: null
2022-05-20 21:01:01,339 [main] INFO  c.u.j.encryptor.DefaultLazyEncryptor               - Encryptor config not found for property jasypt.encryptor.salt-generator-classname, using default value: org.jasypt.salt.RandomSaltGenerator
2022-05-20 21:01:01,342 [main] INFO  c.u.j.encryptor.DefaultLazyEncryptor               - Encryptor config not found for property jasypt.encryptor.string-output-type, using default value: base64
2022-05-20 21:01:02,072 [main] INFO  o.s.b.a.s.s.UserDetailsServiceAutoConfiguration    - 

Using generated security password: 57efa926-c3a4-4d8e-b27b-88cc20e8467c

2022-05-20 21:01:02,200 [main] INFO  o.s.s.web.DefaultSecurityFilterChain               - Will not secure any request
2022-05-20 21:01:02,638 [main] INFO  o.apache.coyote.http11.Http11NioProtocol           - Starting ProtocolHandler ["http-nio-8080"]
2022-05-20 21:01:02,666 [main] INFO  o.s.b.w.embedded.tomcat.TomcatWebServer            - Tomcat started on port(s): 8080 (http) with context path ''
2022-05-20 21:01:03,043 [main] INFO  c.c.p.PostProcessingApplication                    - Started PostProcessingApplication in 4.912 seconds (JVM running for 5.977)
2022-05-20 21:03:46,865 [scheduling-1] INFO  c.a.c.i.jackson.JacksonVersion                     - Package versions: jackson-annotations=2.13.1, jackson-core=2.13.1, jackson-databind=2.13.1, jackson-dataformat-xml=2.13.1, jackson-datatype-jsr310=2.13.1, azure-core=1.25.0, Troubleshooting version conflicts: https://aka.ms/azsdk/java/dependency/troubleshoot
2022-05-20 21:04:36,242 [scheduling-1] INFO  c.c.p.scheduler.PostProcessingScheduler            - exception:The specified blob does not exist.
2022-05-20 21:04:36,243 [scheduling-1] INFO  c.c.p.scheduler.PostProcessingScheduler            - post processing archive completed successfully
2022-05-20 21:04:36,244 [scheduling-1] INFO  c.c.p.scheduler.PostProcessingScheduler            - continues deployment:start postProcessing batch DevOps pipeline deployment testing
2022-05-20 21:04:40,481 [scheduling-1] INFO  c.c.p.scheduler.PostProcessingScheduler            - process file details:20220215063904W006543278FTbmkF_PG.pdf
2022-05-20 21:05:19,950 [main] INFO  c.c.p.PostProcessingApplication                    - Starting PostProcessingApplication using Java 1.8.0_131 on HTCLT2438 with PID 17000 (D:\postprocessing-code\Dev\postprocessing-application-insights-new\target\classes started by kumar.charanswain in D:\postprocessing-code\Dev\postprocessing-application-insights-new)
2022-05-20 21:05:19,962 [main] INFO  c.c.p.PostProcessingApplication                    - The following 1 profile is active: "dev"
2022-05-20 21:05:20,765 [main] INFO  o.s.cloud.context.scope.GenericScope               - BeanFactory id=906ce29f-0a4e-3067-81d7-4347f853df96
2022-05-20 21:05:20,780 [main] INFO  c.u.j.c.EnableEncryptablePropertiesBeanFactoryPostProcessor - Post-processing PropertySource instances
2022-05-20 21:05:20,839 [main] INFO  c.u.j.EncryptablePropertySourceConverter           - Converting PropertySource configurationProperties [org.springframework.boot.context.properties.source.ConfigurationPropertySourcesPropertySource] to AOP Proxy
2022-05-20 21:05:20,841 [main] INFO  c.u.j.EncryptablePropertySourceConverter           - Converting PropertySource commandLineArgs [org.springframework.core.env.SimpleCommandLinePropertySource] to EncryptableEnumerablePropertySourceWrapper
2022-05-20 21:05:20,841 [main] INFO  c.u.j.EncryptablePropertySourceConverter           - Converting PropertySource servletConfigInitParams [org.springframework.core.env.PropertySource$StubPropertySource] to EncryptablePropertySourceWrapper
2022-05-20 21:05:20,841 [main] INFO  c.u.j.EncryptablePropertySourceConverter           - Converting PropertySource servletContextInitParams [org.springframework.core.env.PropertySource$StubPropertySource] to EncryptablePropertySourceWrapper
2022-05-20 21:05:20,842 [main] INFO  c.u.j.EncryptablePropertySourceConverter           - Converting PropertySource systemProperties [org.springframework.core.env.PropertiesPropertySource] to EncryptableMapPropertySourceWrapper
2022-05-20 21:05:20,842 [main] INFO  c.u.j.EncryptablePropertySourceConverter           - Converting PropertySource systemEnvironment [org.springframework.boot.env.SystemEnvironmentPropertySourceEnvironmentPostProcessor$OriginAwareSystemEnvironmentPropertySource] to EncryptableSystemEnvironmentPropertySourceWrapper
2022-05-20 21:05:20,842 [main] INFO  c.u.j.EncryptablePropertySourceConverter           - Converting PropertySource random [org.springframework.boot.env.RandomValuePropertySource] to EncryptablePropertySourceWrapper
2022-05-20 21:05:20,843 [main] INFO  c.u.j.EncryptablePropertySourceConverter           - Converting PropertySource cachedrandom [org.springframework.cloud.util.random.CachedRandomPropertySource] to EncryptablePropertySourceWrapper
2022-05-20 21:05:20,843 [main] INFO  c.u.j.EncryptablePropertySourceConverter           - Converting PropertySource springCloudClientHostInfo [org.springframework.core.env.MapPropertySource] to EncryptableMapPropertySourceWrapper
2022-05-20 21:05:20,843 [main] INFO  c.u.j.EncryptablePropertySourceConverter           - Converting PropertySource Config resource 'class path resource [application-dev.properties]' via location 'optional:classpath:/' [org.springframework.boot.env.OriginTrackedMapPropertySource] to EncryptableMapPropertySourceWrapper
2022-05-20 21:05:20,843 [main] INFO  c.u.j.EncryptablePropertySourceConverter           - Converting PropertySource Config resource 'class path resource [application.properties]' via location 'optional:classpath:/' [org.springframework.boot.env.OriginTrackedMapPropertySource] to EncryptableMapPropertySourceWrapper
2022-05-20 21:05:20,972 [main] INFO  c.u.j.filter.DefaultLazyPropertyFilter             - Property Filter custom Bean not found with name 'encryptablePropertyFilter'. Initializing Default Property Filter
2022-05-20 21:05:21,288 [main] INFO  o.s.b.w.embedded.tomcat.TomcatWebServer            - Tomcat initialized with port(s): 8080 (http)
2022-05-20 21:05:21,299 [main] INFO  o.apache.coyote.http11.Http11NioProtocol           - Initializing ProtocolHandler ["http-nio-8080"]
2022-05-20 21:05:21,300 [main] INFO  org.apache.catalina.core.StandardService           - Starting service [Tomcat]
2022-05-20 21:05:21,300 [main] INFO  org.apache.catalina.core.StandardEngine            - Starting Servlet engine: [Apache Tomcat/9.0.58]
2022-05-20 21:05:21,599 [main] INFO  o.a.c.c.C.[Tomcat].[localhost].[/]                 - Initializing Spring embedded WebApplicationContext
2022-05-20 21:05:21,600 [main] INFO  o.s.b.w.s.c.ServletWebServerApplicationContext     - Root WebApplicationContext: initialization completed in 1593 ms
2022-05-20 21:05:21,625 [main] INFO  c.u.j.r.DefaultLazyPropertyResolver                - Property Resolver custom Bean not found with name 'encryptablePropertyResolver'. Initializing Default Property Resolver
2022-05-20 21:05:21,631 [main] INFO  c.u.j.d.DefaultLazyPropertyDetector                - Property Detector custom Bean not found with name 'encryptablePropertyDetector'. Initializing Default Property Detector
2022-05-20 21:05:21,858 [main] INFO  c.u.j.encryptor.DefaultLazyEncryptor               - String Encryptor custom Bean not found with name 'jasyptStringEncryptor'. Initializing Default String Encryptor
2022-05-20 21:05:21,878 [main] INFO  c.u.j.encryptor.DefaultLazyEncryptor               - Encryptor config not found for property jasypt.encryptor.key-obtention-iterations, using default value: 1000
2022-05-20 21:05:21,879 [main] INFO  c.u.j.encryptor.DefaultLazyEncryptor               - Encryptor config not found for property jasypt.encryptor.pool-size, using default value: 1
2022-05-20 21:05:21,879 [main] INFO  c.u.j.encryptor.DefaultLazyEncryptor               - Encryptor config not found for property jasypt.encryptor.provider-name, using default value: null
2022-05-20 21:05:21,880 [main] INFO  c.u.j.encryptor.DefaultLazyEncryptor               - Encryptor config not found for property jasypt.encryptor.provider-class-name, using default value: null
2022-05-20 21:05:21,881 [main] INFO  c.u.j.encryptor.DefaultLazyEncryptor               - Encryptor config not found for property jasypt.encryptor.salt-generator-classname, using default value: org.jasypt.salt.RandomSaltGenerator
2022-05-20 21:05:21,882 [main] INFO  c.u.j.encryptor.DefaultLazyEncryptor               - Encryptor config not found for property jasypt.encryptor.string-output-type, using default value: base64
2022-05-20 21:05:22,679 [main] INFO  o.s.b.a.s.s.UserDetailsServiceAutoConfiguration    - 

Using generated security password: 33be18d8-03be-4beb-856d-69f077fb6470

2022-05-20 21:05:22,808 [main] INFO  o.s.s.web.DefaultSecurityFilterChain               - Will not secure any request
2022-05-20 21:05:23,248 [main] INFO  o.apache.coyote.http11.Http11NioProtocol           - Starting ProtocolHandler ["http-nio-8080"]
2022-05-20 21:05:23,272 [main] INFO  o.s.b.w.embedded.tomcat.TomcatWebServer            - Tomcat started on port(s): 8080 (http) with context path ''
2022-05-20 21:05:23,630 [main] INFO  c.c.p.PostProcessingApplication                    - Started PostProcessingApplication in 5.064 seconds (JVM running for 6.174)
2022-05-20 21:48:50,519 [scheduling-1] INFO  c.a.c.i.jackson.JacksonVersion                     - Package versions: jackson-annotations=2.13.1, jackson-core=2.13.1, jackson-databind=2.13.1, jackson-dataformat-xml=2.13.1, jackson-datatype-jsr310=2.13.1, azure-core=1.25.0, Troubleshooting version conflicts: https://aka.ms/azsdk/java/dependency/troubleshoot
2022-05-20 21:49:05,963 [scheduling-1] INFO  c.c.p.scheduler.PostProcessingScheduler            - exception:The specified blob does not exist.
2022-05-20 21:49:05,963 [scheduling-1] INFO  c.c.p.scheduler.PostProcessingScheduler            - post processing archive completed successfully
2022-05-20 21:49:05,964 [scheduling-1] INFO  c.c.p.scheduler.PostProcessingScheduler            - continues deployment:start postProcessing batch DevOps pipeline deployment testing
2022-05-20 21:49:06,309 [scheduling-1] INFO  c.c.p.scheduler.PostProcessingScheduler            - no file for post processing
2022-05-20 21:52:07,795 [main] INFO  c.c.p.PostProcessingApplication                    - Starting PostProcessingApplication using Java 1.8.0_131 on HTCLT2438 with PID 18700 (D:\postprocessing-code\Dev\postprocessing-application-insights-new\target\classes started by kumar.charanswain in D:\postprocessing-code\Dev\postprocessing-application-insights-new)
2022-05-20 21:52:07,811 [main] INFO  c.c.p.PostProcessingApplication                    - The following 1 profile is active: "dev"
2022-05-20 21:52:08,690 [main] INFO  o.s.cloud.context.scope.GenericScope               - BeanFactory id=906ce29f-0a4e-3067-81d7-4347f853df96
2022-05-20 21:52:08,710 [main] INFO  c.u.j.c.EnableEncryptablePropertiesBeanFactoryPostProcessor - Post-processing PropertySource instances
2022-05-20 21:52:08,778 [main] INFO  c.u.j.EncryptablePropertySourceConverter           - Converting PropertySource configurationProperties [org.springframework.boot.context.properties.source.ConfigurationPropertySourcesPropertySource] to AOP Proxy
2022-05-20 21:52:08,780 [main] INFO  c.u.j.EncryptablePropertySourceConverter           - Converting PropertySource commandLineArgs [org.springframework.core.env.SimpleCommandLinePropertySource] to EncryptableEnumerablePropertySourceWrapper
2022-05-20 21:52:08,781 [main] INFO  c.u.j.EncryptablePropertySourceConverter           - Converting PropertySource servletConfigInitParams [org.springframework.core.env.PropertySource$StubPropertySource] to EncryptablePropertySourceWrapper
2022-05-20 21:52:08,781 [main] INFO  c.u.j.EncryptablePropertySourceConverter           - Converting PropertySource servletContextInitParams [org.springframework.core.env.PropertySource$StubPropertySource] to EncryptablePropertySourceWrapper
2022-05-20 21:52:08,781 [main] INFO  c.u.j.EncryptablePropertySourceConverter           - Converting PropertySource systemProperties [org.springframework.core.env.PropertiesPropertySource] to EncryptableMapPropertySourceWrapper
2022-05-20 21:52:08,782 [main] INFO  c.u.j.EncryptablePropertySourceConverter           - Converting PropertySource systemEnvironment [org.springframework.boot.env.SystemEnvironmentPropertySourceEnvironmentPostProcessor$OriginAwareSystemEnvironmentPropertySource] to EncryptableSystemEnvironmentPropertySourceWrapper
2022-05-20 21:52:08,782 [main] INFO  c.u.j.EncryptablePropertySourceConverter           - Converting PropertySource random [org.springframework.boot.env.RandomValuePropertySource] to EncryptablePropertySourceWrapper
2022-05-20 21:52:08,782 [main] INFO  c.u.j.EncryptablePropertySourceConverter           - Converting PropertySource cachedrandom [org.springframework.cloud.util.random.CachedRandomPropertySource] to EncryptablePropertySourceWrapper
2022-05-20 21:52:08,782 [main] INFO  c.u.j.EncryptablePropertySourceConverter           - Converting PropertySource springCloudClientHostInfo [org.springframework.core.env.MapPropertySource] to EncryptableMapPropertySourceWrapper
2022-05-20 21:52:08,782 [main] INFO  c.u.j.EncryptablePropertySourceConverter           - Converting PropertySource Config resource 'class path resource [application-dev.properties]' via location 'optional:classpath:/' [org.springframework.boot.env.OriginTrackedMapPropertySource] to EncryptableMapPropertySourceWrapper
2022-05-20 21:52:08,783 [main] INFO  c.u.j.EncryptablePropertySourceConverter           - Converting PropertySource Config resource 'class path resource [application.properties]' via location 'optional:classpath:/' [org.springframework.boot.env.OriginTrackedMapPropertySource] to EncryptableMapPropertySourceWrapper
2022-05-20 21:52:08,937 [main] INFO  c.u.j.filter.DefaultLazyPropertyFilter             - Property Filter custom Bean not found with name 'encryptablePropertyFilter'. Initializing Default Property Filter
2022-05-20 21:52:09,258 [main] INFO  o.s.b.w.embedded.tomcat.TomcatWebServer            - Tomcat initialized with port(s): 8080 (http)
2022-05-20 21:52:09,268 [main] INFO  o.apache.coyote.http11.Http11NioProtocol           - Initializing ProtocolHandler ["http-nio-8080"]
2022-05-20 21:52:09,269 [main] INFO  org.apache.catalina.core.StandardService           - Starting service [Tomcat]
2022-05-20 21:52:09,269 [main] INFO  org.apache.catalina.core.StandardEngine            - Starting Servlet engine: [Apache Tomcat/9.0.58]
2022-05-20 21:52:09,533 [main] INFO  o.a.c.c.C.[Tomcat].[localhost].[/]                 - Initializing Spring embedded WebApplicationContext
2022-05-20 21:52:09,534 [main] INFO  o.s.b.w.s.c.ServletWebServerApplicationContext     - Root WebApplicationContext: initialization completed in 1667 ms
2022-05-20 21:52:09,550 [main] INFO  c.u.j.r.DefaultLazyPropertyResolver                - Property Resolver custom Bean not found with name 'encryptablePropertyResolver'. Initializing Default Property Resolver
2022-05-20 21:52:09,555 [main] INFO  c.u.j.d.DefaultLazyPropertyDetector                - Property Detector custom Bean not found with name 'encryptablePropertyDetector'. Initializing Default Property Detector
2022-05-20 21:52:09,801 [main] INFO  c.u.j.encryptor.DefaultLazyEncryptor               - String Encryptor custom Bean not found with name 'jasyptStringEncryptor'. Initializing Default String Encryptor
2022-05-20 21:52:09,833 [main] INFO  c.u.j.encryptor.DefaultLazyEncryptor               - Encryptor config not found for property jasypt.encryptor.key-obtention-iterations, using default value: 1000
2022-05-20 21:52:09,835 [main] INFO  c.u.j.encryptor.DefaultLazyEncryptor               - Encryptor config not found for property jasypt.encryptor.pool-size, using default value: 1
2022-05-20 21:52:09,836 [main] INFO  c.u.j.encryptor.DefaultLazyEncryptor               - Encryptor config not found for property jasypt.encryptor.provider-name, using default value: null
2022-05-20 21:52:09,837 [main] INFO  c.u.j.encryptor.DefaultLazyEncryptor               - Encryptor config not found for property jasypt.encryptor.provider-class-name, using default value: null
2022-05-20 21:52:09,839 [main] INFO  c.u.j.encryptor.DefaultLazyEncryptor               - Encryptor config not found for property jasypt.encryptor.salt-generator-classname, using default value: org.jasypt.salt.RandomSaltGenerator
2022-05-20 21:52:09,842 [main] INFO  c.u.j.encryptor.DefaultLazyEncryptor               - Encryptor config not found for property jasypt.encryptor.string-output-type, using default value: base64
2022-05-20 21:52:10,551 [main] INFO  o.s.b.a.s.s.UserDetailsServiceAutoConfiguration    - 

Using generated security password: 6c133adf-aabe-4ed4-bfc6-4d4d42177c12

2022-05-20 21:52:10,668 [main] INFO  o.s.s.web.DefaultSecurityFilterChain               - Will not secure any request
2022-05-20 21:52:11,037 [main] INFO  o.apache.coyote.http11.Http11NioProtocol           - Starting ProtocolHandler ["http-nio-8080"]
2022-05-20 21:52:11,066 [main] INFO  o.s.b.w.embedded.tomcat.TomcatWebServer            - Tomcat started on port(s): 8080 (http) with context path ''
2022-05-20 21:52:11,445 [main] INFO  c.c.p.PostProcessingApplication                    - Started PostProcessingApplication in 5.016 seconds (JVM running for 5.984)
2022-05-20 21:53:00,076 [scheduling-1] INFO  c.a.c.i.jackson.JacksonVersion                     - Package versions: jackson-annotations=2.13.1, jackson-core=2.13.1, jackson-databind=2.13.1, jackson-dataformat-xml=2.13.1, jackson-datatype-jsr310=2.13.1, azure-core=1.25.0, Troubleshooting version conflicts: https://aka.ms/azsdk/java/dependency/troubleshoot
2022-05-20 21:54:23,746 [scheduling-1] INFO  c.c.p.scheduler.PostProcessingScheduler            - post processing archive completed successfully
2022-05-20 21:56:49,069 [main] INFO  c.c.p.PostProcessingApplication                    - Starting PostProcessingApplication using Java 1.8.0_131 on HTCLT2438 with PID 21596 (D:\postprocessing-code\Dev\postprocessing-application-insights-new\target\classes started by kumar.charanswain in D:\postprocessing-code\Dev\postprocessing-application-insights-new)
2022-05-20 21:56:49,086 [main] INFO  c.c.p.PostProcessingApplication                    - The following 1 profile is active: "dev"
2022-05-20 21:56:49,896 [main] INFO  o.s.cloud.context.scope.GenericScope               - BeanFactory id=906ce29f-0a4e-3067-81d7-4347f853df96
2022-05-20 21:56:49,914 [main] INFO  c.u.j.c.EnableEncryptablePropertiesBeanFactoryPostProcessor - Post-processing PropertySource instances
2022-05-20 21:56:49,988 [main] INFO  c.u.j.EncryptablePropertySourceConverter           - Converting PropertySource configurationProperties [org.springframework.boot.context.properties.source.ConfigurationPropertySourcesPropertySource] to AOP Proxy
2022-05-20 21:56:49,990 [main] INFO  c.u.j.EncryptablePropertySourceConverter           - Converting PropertySource commandLineArgs [org.springframework.core.env.SimpleCommandLinePropertySource] to EncryptableEnumerablePropertySourceWrapper
2022-05-20 21:56:49,990 [main] INFO  c.u.j.EncryptablePropertySourceConverter           - Converting PropertySource servletConfigInitParams [org.springframework.core.env.PropertySource$StubPropertySource] to EncryptablePropertySourceWrapper
2022-05-20 21:56:49,990 [main] INFO  c.u.j.EncryptablePropertySourceConverter           - Converting PropertySource servletContextInitParams [org.springframework.core.env.PropertySource$StubPropertySource] to EncryptablePropertySourceWrapper
2022-05-20 21:56:49,991 [main] INFO  c.u.j.EncryptablePropertySourceConverter           - Converting PropertySource systemProperties [org.springframework.core.env.PropertiesPropertySource] to EncryptableMapPropertySourceWrapper
2022-05-20 21:56:49,991 [main] INFO  c.u.j.EncryptablePropertySourceConverter           - Converting PropertySource systemEnvironment [org.springframework.boot.env.SystemEnvironmentPropertySourceEnvironmentPostProcessor$OriginAwareSystemEnvironmentPropertySource] to EncryptableSystemEnvironmentPropertySourceWrapper
2022-05-20 21:56:49,991 [main] INFO  c.u.j.EncryptablePropertySourceConverter           - Converting PropertySource random [org.springframework.boot.env.RandomValuePropertySource] to EncryptablePropertySourceWrapper
2022-05-20 21:56:49,992 [main] INFO  c.u.j.EncryptablePropertySourceConverter           - Converting PropertySource cachedrandom [org.springframework.cloud.util.random.CachedRandomPropertySource] to EncryptablePropertySourceWrapper
2022-05-20 21:56:49,992 [main] INFO  c.u.j.EncryptablePropertySourceConverter           - Converting PropertySource springCloudClientHostInfo [org.springframework.core.env.MapPropertySource] to EncryptableMapPropertySourceWrapper
2022-05-20 21:56:49,992 [main] INFO  c.u.j.EncryptablePropertySourceConverter           - Converting PropertySource Config resource 'class path resource [application-dev.properties]' via location 'optional:classpath:/' [org.springframework.boot.env.OriginTrackedMapPropertySource] to EncryptableMapPropertySourceWrapper
2022-05-20 21:56:49,993 [main] INFO  c.u.j.EncryptablePropertySourceConverter           - Converting PropertySource Config resource 'class path resource [application.properties]' via location 'optional:classpath:/' [org.springframework.boot.env.OriginTrackedMapPropertySource] to EncryptableMapPropertySourceWrapper
2022-05-20 21:56:50,138 [main] INFO  c.u.j.filter.DefaultLazyPropertyFilter             - Property Filter custom Bean not found with name 'encryptablePropertyFilter'. Initializing Default Property Filter
2022-05-20 21:56:50,471 [main] INFO  o.s.b.w.embedded.tomcat.TomcatWebServer            - Tomcat initialized with port(s): 8080 (http)
2022-05-20 21:56:50,483 [main] INFO  o.apache.coyote.http11.Http11NioProtocol           - Initializing ProtocolHandler ["http-nio-8080"]
2022-05-20 21:56:50,484 [main] INFO  org.apache.catalina.core.StandardService           - Starting service [Tomcat]
2022-05-20 21:56:50,484 [main] INFO  org.apache.catalina.core.StandardEngine            - Starting Servlet engine: [Apache Tomcat/9.0.58]
2022-05-20 21:56:50,766 [main] INFO  o.a.c.c.C.[Tomcat].[localhost].[/]                 - Initializing Spring embedded WebApplicationContext
2022-05-20 21:56:50,766 [main] INFO  o.s.b.w.s.c.ServletWebServerApplicationContext     - Root WebApplicationContext: initialization completed in 1625 ms
2022-05-20 21:56:50,781 [main] INFO  c.u.j.r.DefaultLazyPropertyResolver                - Property Resolver custom Bean not found with name 'encryptablePropertyResolver'. Initializing Default Property Resolver
2022-05-20 21:56:50,787 [main] INFO  c.u.j.d.DefaultLazyPropertyDetector                - Property Detector custom Bean not found with name 'encryptablePropertyDetector'. Initializing Default Property Detector
2022-05-20 21:56:51,010 [main] INFO  c.u.j.encryptor.DefaultLazyEncryptor               - String Encryptor custom Bean not found with name 'jasyptStringEncryptor'. Initializing Default String Encryptor
2022-05-20 21:56:51,035 [main] INFO  c.u.j.encryptor.DefaultLazyEncryptor               - Encryptor config not found for property jasypt.encryptor.key-obtention-iterations, using default value: 1000
2022-05-20 21:56:51,036 [main] INFO  c.u.j.encryptor.DefaultLazyEncryptor               - Encryptor config not found for property jasypt.encryptor.pool-size, using default value: 1
2022-05-20 21:56:51,037 [main] INFO  c.u.j.encryptor.DefaultLazyEncryptor               - Encryptor config not found for property jasypt.encryptor.provider-name, using default value: null
2022-05-20 21:56:51,038 [main] INFO  c.u.j.encryptor.DefaultLazyEncryptor               - Encryptor config not found for property jasypt.encryptor.provider-class-name, using default value: null
2022-05-20 21:56:51,038 [main] INFO  c.u.j.encryptor.DefaultLazyEncryptor               - Encryptor config not found for property jasypt.encryptor.salt-generator-classname, using default value: org.jasypt.salt.RandomSaltGenerator
2022-05-20 21:56:51,040 [main] INFO  c.u.j.encryptor.DefaultLazyEncryptor               - Encryptor config not found for property jasypt.encryptor.string-output-type, using default value: base64
2022-05-20 21:56:51,781 [main] INFO  o.s.b.a.s.s.UserDetailsServiceAutoConfiguration    - 

Using generated security password: d54d09a7-bd44-4f60-bc6d-ed387d4f50c1

2022-05-20 21:56:51,907 [main] INFO  o.s.s.web.DefaultSecurityFilterChain               - Will not secure any request
2022-05-20 21:56:52,288 [main] INFO  o.apache.coyote.http11.Http11NioProtocol           - Starting ProtocolHandler ["http-nio-8080"]
2022-05-20 21:56:52,314 [main] INFO  o.s.b.w.embedded.tomcat.TomcatWebServer            - Tomcat started on port(s): 8080 (http) with context path ''
2022-05-20 21:56:52,602 [main] INFO  c.c.p.PostProcessingApplication                    - Started PostProcessingApplication in 4.874 seconds (JVM running for 6.395)
2022-05-20 21:57:00,073 [scheduling-1] INFO  c.a.c.i.jackson.JacksonVersion                     - Package versions: jackson-annotations=2.13.1, jackson-core=2.13.1, jackson-databind=2.13.1, jackson-dataformat-xml=2.13.1, jackson-datatype-jsr310=2.13.1, azure-core=1.25.0, Troubleshooting version conflicts: https://aka.ms/azsdk/java/dependency/troubleshoot
2022-05-20 21:58:07,273 [scheduling-1] INFO  c.c.p.scheduler.PostProcessingScheduler            - exception:java.net.UnknownHostException: pmapostprcoessing1.blob.core.windows.net
2022-05-20 21:58:07,274 [scheduling-1] INFO  c.c.p.scheduler.PostProcessingScheduler            - post processing archive completed successfully
2022-05-20 22:00:16,782 [scheduling-1] INFO  c.c.p.scheduler.PostProcessingScheduler            - post processing archive completed successfully
2022-05-20 22:00:16,783 [scheduling-1] INFO  c.c.p.scheduler.PostProcessingScheduler            - continues deployment:start postProcessing batch DevOps pipeline deployment testing
2022-05-20 22:00:17,126 [scheduling-1] INFO  c.c.p.scheduler.PostProcessingScheduler            - no file for post processing
2022-05-20 22:02:23,794 [main] INFO  c.c.p.PostProcessingApplication                    - Starting PostProcessingApplication using Java 1.8.0_131 on HTCLT2438 with PID 22660 (D:\postprocessing-code\Dev\postprocessing-application-insights-new\target\classes started by kumar.charanswain in D:\postprocessing-code\Dev\postprocessing-application-insights-new)
2022-05-20 22:02:23,813 [main] INFO  c.c.p.PostProcessingApplication                    - The following 1 profile is active: "dev"
2022-05-20 22:02:24,652 [main] INFO  o.s.cloud.context.scope.GenericScope               - BeanFactory id=906ce29f-0a4e-3067-81d7-4347f853df96
2022-05-20 22:02:24,672 [main] INFO  c.u.j.c.EnableEncryptablePropertiesBeanFactoryPostProcessor - Post-processing PropertySource instances
2022-05-20 22:02:24,750 [main] INFO  c.u.j.EncryptablePropertySourceConverter           - Converting PropertySource configurationProperties [org.springframework.boot.context.properties.source.ConfigurationPropertySourcesPropertySource] to AOP Proxy
2022-05-20 22:02:24,752 [main] INFO  c.u.j.EncryptablePropertySourceConverter           - Converting PropertySource commandLineArgs [org.springframework.core.env.SimpleCommandLinePropertySource] to EncryptableEnumerablePropertySourceWrapper
2022-05-20 22:02:24,753 [main] INFO  c.u.j.EncryptablePropertySourceConverter           - Converting PropertySource servletConfigInitParams [org.springframework.core.env.PropertySource$StubPropertySource] to EncryptablePropertySourceWrapper
2022-05-20 22:02:24,753 [main] INFO  c.u.j.EncryptablePropertySourceConverter           - Converting PropertySource servletContextInitParams [org.springframework.core.env.PropertySource$StubPropertySource] to EncryptablePropertySourceWrapper
2022-05-20 22:02:24,753 [main] INFO  c.u.j.EncryptablePropertySourceConverter           - Converting PropertySource systemProperties [org.springframework.core.env.PropertiesPropertySource] to EncryptableMapPropertySourceWrapper
2022-05-20 22:02:24,754 [main] INFO  c.u.j.EncryptablePropertySourceConverter           - Converting PropertySource systemEnvironment [org.springframework.boot.env.SystemEnvironmentPropertySourceEnvironmentPostProcessor$OriginAwareSystemEnvironmentPropertySource] to EncryptableSystemEnvironmentPropertySourceWrapper
2022-05-20 22:02:24,755 [main] INFO  c.u.j.EncryptablePropertySourceConverter           - Converting PropertySource random [org.springframework.boot.env.RandomValuePropertySource] to EncryptablePropertySourceWrapper
2022-05-20 22:02:24,755 [main] INFO  c.u.j.EncryptablePropertySourceConverter           - Converting PropertySource cachedrandom [org.springframework.cloud.util.random.CachedRandomPropertySource] to EncryptablePropertySourceWrapper
2022-05-20 22:02:24,755 [main] INFO  c.u.j.EncryptablePropertySourceConverter           - Converting PropertySource springCloudClientHostInfo [org.springframework.core.env.MapPropertySource] to EncryptableMapPropertySourceWrapper
2022-05-20 22:02:24,755 [main] INFO  c.u.j.EncryptablePropertySourceConverter           - Converting PropertySource Config resource 'class path resource [application-dev.properties]' via location 'optional:classpath:/' [org.springframework.boot.env.OriginTrackedMapPropertySource] to EncryptableMapPropertySourceWrapper
2022-05-20 22:02:24,755 [main] INFO  c.u.j.EncryptablePropertySourceConverter           - Converting PropertySource Config resource 'class path resource [application.properties]' via location 'optional:classpath:/' [org.springframework.boot.env.OriginTrackedMapPropertySource] to EncryptableMapPropertySourceWrapper
2022-05-20 22:02:24,895 [main] INFO  c.u.j.filter.DefaultLazyPropertyFilter             - Property Filter custom Bean not found with name 'encryptablePropertyFilter'. Initializing Default Property Filter
2022-05-20 22:02:25,224 [main] INFO  o.s.b.w.embedded.tomcat.TomcatWebServer            - Tomcat initialized with port(s): 8080 (http)
2022-05-20 22:02:25,236 [main] INFO  o.apache.coyote.http11.Http11NioProtocol           - Initializing ProtocolHandler ["http-nio-8080"]
2022-05-20 22:02:25,237 [main] INFO  org.apache.catalina.core.StandardService           - Starting service [Tomcat]
2022-05-20 22:02:25,238 [main] INFO  org.apache.catalina.core.StandardEngine            - Starting Servlet engine: [Apache Tomcat/9.0.58]
2022-05-20 22:02:25,462 [main] INFO  o.a.c.c.C.[Tomcat].[localhost].[/]                 - Initializing Spring embedded WebApplicationContext
2022-05-20 22:02:25,463 [main] INFO  o.s.b.w.s.c.ServletWebServerApplicationContext     - Root WebApplicationContext: initialization completed in 1587 ms
2022-05-20 22:02:25,477 [main] INFO  c.u.j.r.DefaultLazyPropertyResolver                - Property Resolver custom Bean not found with name 'encryptablePropertyResolver'. Initializing Default Property Resolver
2022-05-20 22:02:25,482 [main] INFO  c.u.j.d.DefaultLazyPropertyDetector                - Property Detector custom Bean not found with name 'encryptablePropertyDetector'. Initializing Default Property Detector
2022-05-20 22:02:25,707 [main] INFO  c.u.j.encryptor.DefaultLazyEncryptor               - String Encryptor custom Bean not found with name 'jasyptStringEncryptor'. Initializing Default String Encryptor
2022-05-20 22:02:25,736 [main] INFO  c.u.j.encryptor.DefaultLazyEncryptor               - Encryptor config not found for property jasypt.encryptor.key-obtention-iterations, using default value: 1000
2022-05-20 22:02:25,738 [main] INFO  c.u.j.encryptor.DefaultLazyEncryptor               - Encryptor config not found for property jasypt.encryptor.pool-size, using default value: 1
2022-05-20 22:02:25,739 [main] INFO  c.u.j.encryptor.DefaultLazyEncryptor               - Encryptor config not found for property jasypt.encryptor.provider-name, using default value: null
2022-05-20 22:02:25,740 [main] INFO  c.u.j.encryptor.DefaultLazyEncryptor               - Encryptor config not found for property jasypt.encryptor.provider-class-name, using default value: null
2022-05-20 22:02:25,741 [main] INFO  c.u.j.encryptor.DefaultLazyEncryptor               - Encryptor config not found for property jasypt.encryptor.salt-generator-classname, using default value: org.jasypt.salt.RandomSaltGenerator
2022-05-20 22:02:25,744 [main] INFO  c.u.j.encryptor.DefaultLazyEncryptor               - Encryptor config not found for property jasypt.encryptor.string-output-type, using default value: base64
2022-05-20 22:02:26,507 [main] INFO  o.s.b.a.s.s.UserDetailsServiceAutoConfiguration    - 

Using generated security password: c46f2acf-78f2-408b-b027-f7f4f712b840

2022-05-20 22:02:26,634 [main] INFO  o.s.s.web.DefaultSecurityFilterChain               - Will not secure any request
2022-05-20 22:02:27,032 [main] INFO  o.apache.coyote.http11.Http11NioProtocol           - Starting ProtocolHandler ["http-nio-8080"]
2022-05-20 22:02:27,054 [main] INFO  o.s.b.w.embedded.tomcat.TomcatWebServer            - Tomcat started on port(s): 8080 (http) with context path ''
2022-05-20 22:02:27,439 [main] INFO  c.c.p.PostProcessingApplication                    - Started PostProcessingApplication in 5.029 seconds (JVM running for 6.102)
2022-05-20 22:03:00,194 [scheduling-1] INFO  c.a.c.i.jackson.JacksonVersion                     - Package versions: jackson-annotations=2.13.1, jackson-core=2.13.1, jackson-databind=2.13.1, jackson-dataformat-xml=2.13.1, jackson-datatype-jsr310=2.13.1, azure-core=1.25.0, Troubleshooting version conflicts: https://aka.ms/azsdk/java/dependency/troubleshoot
2022-05-20 22:03:51,872 [scheduling-1] INFO  c.c.p.scheduler.PostProcessingScheduler            - post processing archive completed successfully
2022-05-20 22:04:00,361 [scheduling-1] INFO  c.c.p.scheduler.PostProcessingScheduler            - post processing archive completed successfully
2022-05-20 22:07:33,379 [main] INFO  c.c.p.PostProcessingApplication                    - Starting PostProcessingApplication using Java 1.8.0_131 on HTCLT2438 with PID 13632 (D:\postprocessing-code\Dev\postprocessing-application-insights-new\target\classes started by kumar.charanswain in D:\postprocessing-code\Dev\postprocessing-application-insights-new)
2022-05-20 22:07:33,399 [main] INFO  c.c.p.PostProcessingApplication                    - The following 1 profile is active: "dev"
2022-05-20 22:07:34,219 [main] INFO  o.s.cloud.context.scope.GenericScope               - BeanFactory id=906ce29f-0a4e-3067-81d7-4347f853df96
2022-05-20 22:07:34,236 [main] INFO  c.u.j.c.EnableEncryptablePropertiesBeanFactoryPostProcessor - Post-processing PropertySource instances
2022-05-20 22:07:34,303 [main] INFO  c.u.j.EncryptablePropertySourceConverter           - Converting PropertySource configurationProperties [org.springframework.boot.context.properties.source.ConfigurationPropertySourcesPropertySource] to AOP Proxy
2022-05-20 22:07:34,304 [main] INFO  c.u.j.EncryptablePropertySourceConverter           - Converting PropertySource commandLineArgs [org.springframework.core.env.SimpleCommandLinePropertySource] to EncryptableEnumerablePropertySourceWrapper
2022-05-20 22:07:34,305 [main] INFO  c.u.j.EncryptablePropertySourceConverter           - Converting PropertySource servletConfigInitParams [org.springframework.core.env.PropertySource$StubPropertySource] to EncryptablePropertySourceWrapper
2022-05-20 22:07:34,305 [main] INFO  c.u.j.EncryptablePropertySourceConverter           - Converting PropertySource servletContextInitParams [org.springframework.core.env.PropertySource$StubPropertySource] to EncryptablePropertySourceWrapper
2022-05-20 22:07:34,305 [main] INFO  c.u.j.EncryptablePropertySourceConverter           - Converting PropertySource systemProperties [org.springframework.core.env.PropertiesPropertySource] to EncryptableMapPropertySourceWrapper
2022-05-20 22:07:34,305 [main] INFO  c.u.j.EncryptablePropertySourceConverter           - Converting PropertySource systemEnvironment [org.springframework.boot.env.SystemEnvironmentPropertySourceEnvironmentPostProcessor$OriginAwareSystemEnvironmentPropertySource] to EncryptableSystemEnvironmentPropertySourceWrapper
2022-05-20 22:07:34,306 [main] INFO  c.u.j.EncryptablePropertySourceConverter           - Converting PropertySource random [org.springframework.boot.env.RandomValuePropertySource] to EncryptablePropertySourceWrapper
2022-05-20 22:07:34,306 [main] INFO  c.u.j.EncryptablePropertySourceConverter           - Converting PropertySource cachedrandom [org.springframework.cloud.util.random.CachedRandomPropertySource] to EncryptablePropertySourceWrapper
2022-05-20 22:07:34,306 [main] INFO  c.u.j.EncryptablePropertySourceConverter           - Converting PropertySource springCloudClientHostInfo [org.springframework.core.env.MapPropertySource] to EncryptableMapPropertySourceWrapper
2022-05-20 22:07:34,306 [main] INFO  c.u.j.EncryptablePropertySourceConverter           - Converting PropertySource Config resource 'class path resource [application-dev.properties]' via location 'optional:classpath:/' [org.springframework.boot.env.OriginTrackedMapPropertySource] to EncryptableMapPropertySourceWrapper
2022-05-20 22:07:34,306 [main] INFO  c.u.j.EncryptablePropertySourceConverter           - Converting PropertySource Config resource 'class path resource [application.properties]' via location 'optional:classpath:/' [org.springframework.boot.env.OriginTrackedMapPropertySource] to EncryptableMapPropertySourceWrapper
2022-05-20 22:07:34,433 [main] INFO  c.u.j.filter.DefaultLazyPropertyFilter             - Property Filter custom Bean not found with name 'encryptablePropertyFilter'. Initializing Default Property Filter
2022-05-20 22:07:34,768 [main] INFO  o.s.b.w.embedded.tomcat.TomcatWebServer            - Tomcat initialized with port(s): 8080 (http)
2022-05-20 22:07:34,783 [main] INFO  o.apache.coyote.http11.Http11NioProtocol           - Initializing ProtocolHandler ["http-nio-8080"]
2022-05-20 22:07:34,784 [main] INFO  org.apache.catalina.core.StandardService           - Starting service [Tomcat]
2022-05-20 22:07:34,785 [main] INFO  org.apache.catalina.core.StandardEngine            - Starting Servlet engine: [Apache Tomcat/9.0.58]
2022-05-20 22:07:35,069 [main] INFO  o.a.c.c.C.[Tomcat].[localhost].[/]                 - Initializing Spring embedded WebApplicationContext
2022-05-20 22:07:35,069 [main] INFO  o.s.b.w.s.c.ServletWebServerApplicationContext     - Root WebApplicationContext: initialization completed in 1587 ms
2022-05-20 22:07:35,086 [main] INFO  c.u.j.r.DefaultLazyPropertyResolver                - Property Resolver custom Bean not found with name 'encryptablePropertyResolver'. Initializing Default Property Resolver
2022-05-20 22:07:35,092 [main] INFO  c.u.j.d.DefaultLazyPropertyDetector                - Property Detector custom Bean not found with name 'encryptablePropertyDetector'. Initializing Default Property Detector
2022-05-20 22:07:35,315 [main] INFO  c.u.j.encryptor.DefaultLazyEncryptor               - String Encryptor custom Bean not found with name 'jasyptStringEncryptor'. Initializing Default String Encryptor
2022-05-20 22:07:35,341 [main] INFO  c.u.j.encryptor.DefaultLazyEncryptor               - Encryptor config not found for property jasypt.encryptor.key-obtention-iterations, using default value: 1000
2022-05-20 22:07:35,343 [main] INFO  c.u.j.encryptor.DefaultLazyEncryptor               - Encryptor config not found for property jasypt.encryptor.pool-size, using default value: 1
2022-05-20 22:07:35,344 [main] INFO  c.u.j.encryptor.DefaultLazyEncryptor               - Encryptor config not found for property jasypt.encryptor.provider-name, using default value: null
2022-05-20 22:07:35,345 [main] INFO  c.u.j.encryptor.DefaultLazyEncryptor               - Encryptor config not found for property jasypt.encryptor.provider-class-name, using default value: null
2022-05-20 22:07:35,346 [main] INFO  c.u.j.encryptor.DefaultLazyEncryptor               - Encryptor config not found for property jasypt.encryptor.salt-generator-classname, using default value: org.jasypt.salt.RandomSaltGenerator
2022-05-20 22:07:35,349 [main] INFO  c.u.j.encryptor.DefaultLazyEncryptor               - Encryptor config not found for property jasypt.encryptor.string-output-type, using default value: base64
2022-05-20 22:07:36,133 [main] INFO  o.s.b.a.s.s.UserDetailsServiceAutoConfiguration    - 

Using generated security password: e05e6a82-bcd6-457c-a73f-179668755092

2022-05-20 22:07:36,263 [main] INFO  o.s.s.web.DefaultSecurityFilterChain               - Will not secure any request
2022-05-20 22:07:36,678 [main] INFO  o.apache.coyote.http11.Http11NioProtocol           - Starting ProtocolHandler ["http-nio-8080"]
2022-05-20 22:07:36,701 [main] INFO  o.s.b.w.embedded.tomcat.TomcatWebServer            - Tomcat started on port(s): 8080 (http) with context path ''
2022-05-20 22:07:37,073 [main] INFO  c.c.p.PostProcessingApplication                    - Started PostProcessingApplication in 5.017 seconds (JVM running for 6.037)
2022-05-20 22:08:00,011 [scheduling-1] INFO  c.c.p.scheduler.PostProcessingScheduler            - continues deployment:start postProcessing batch DevOps pipeline deployment testing
2022-05-20 22:08:00,240 [scheduling-1] INFO  c.a.c.i.jackson.JacksonVersion                     - Package versions: jackson-annotations=2.13.1, jackson-core=2.13.1, jackson-databind=2.13.1, jackson-dataformat-xml=2.13.1, jackson-datatype-jsr310=2.13.1, azure-core=1.25.0, Troubleshooting version conflicts: https://aka.ms/azsdk/java/dependency/troubleshoot
2022-05-20 22:08:11,700 [scheduling-1] INFO  c.c.p.scheduler.PostProcessingScheduler            - process file details:20220215063904W006554657TTYoidf_PG.pdf
2022-05-20 22:08:19,885 [scheduling-1] INFO  c.c.p.scheduler.PostProcessingScheduler            - process file details:20220215063904W006543278FTbmkF_PG.pdf
2022-05-20 22:08:30,861 [scheduling-1] INFO  c.c.p.scheduler.PostProcessingScheduler            - logFile file:postprocessing_2022-05-20.log
2022-05-20 22:08:33,085 [scheduling-1] INFO  c.c.p.scheduler.PostProcessingScheduler            - smart comm post processing successfully
2022-05-20 22:08:46,668 [scheduling-1] INFO  c.c.p.scheduler.PostProcessingScheduler            - post processing archive completed successfully
2022-05-20 22:09:00,346 [scheduling-1] INFO  c.c.p.scheduler.PostProcessingScheduler            - post processing archive completed successfully
2022-05-20 22:10:00,340 [scheduling-1] INFO  c.c.p.scheduler.PostProcessingScheduler            - post processing archive completed successfully
2022-05-20 22:13:40,701 [main] INFO  c.c.p.PostProcessingApplication                    - Starting PostProcessingApplication using Java 1.8.0_131 on HTCLT2438 with PID 20068 (D:\postprocessing-code\Dev\postprocessing-application-insights-new\target\classes started by kumar.charanswain in D:\postprocessing-code\Dev\postprocessing-application-insights-new)
2022-05-20 22:13:40,718 [main] INFO  c.c.p.PostProcessingApplication                    - The following 1 profile is active: "dev"
2022-05-20 22:13:41,507 [main] INFO  o.s.cloud.context.scope.GenericScope               - BeanFactory id=906ce29f-0a4e-3067-81d7-4347f853df96
2022-05-20 22:13:41,523 [main] INFO  c.u.j.c.EnableEncryptablePropertiesBeanFactoryPostProcessor - Post-processing PropertySource instances
2022-05-20 22:13:41,596 [main] INFO  c.u.j.EncryptablePropertySourceConverter           - Converting PropertySource configurationProperties [org.springframework.boot.context.properties.source.ConfigurationPropertySourcesPropertySource] to AOP Proxy
2022-05-20 22:13:41,598 [main] INFO  c.u.j.EncryptablePropertySourceConverter           - Converting PropertySource commandLineArgs [org.springframework.core.env.SimpleCommandLinePropertySource] to EncryptableEnumerablePropertySourceWrapper
2022-05-20 22:13:41,599 [main] INFO  c.u.j.EncryptablePropertySourceConverter           - Converting PropertySource servletConfigInitParams [org.springframework.core.env.PropertySource$StubPropertySource] to EncryptablePropertySourceWrapper
2022-05-20 22:13:41,599 [main] INFO  c.u.j.EncryptablePropertySourceConverter           - Converting PropertySource servletContextInitParams [org.springframework.core.env.PropertySource$StubPropertySource] to EncryptablePropertySourceWrapper
2022-05-20 22:13:41,600 [main] INFO  c.u.j.EncryptablePropertySourceConverter           - Converting PropertySource systemProperties [org.springframework.core.env.PropertiesPropertySource] to EncryptableMapPropertySourceWrapper
2022-05-20 22:13:41,600 [main] INFO  c.u.j.EncryptablePropertySourceConverter           - Converting PropertySource systemEnvironment [org.springframework.boot.env.SystemEnvironmentPropertySourceEnvironmentPostProcessor$OriginAwareSystemEnvironmentPropertySource] to EncryptableSystemEnvironmentPropertySourceWrapper
2022-05-20 22:13:41,600 [main] INFO  c.u.j.EncryptablePropertySourceConverter           - Converting PropertySource random [org.springframework.boot.env.RandomValuePropertySource] to EncryptablePropertySourceWrapper
2022-05-20 22:13:41,601 [main] INFO  c.u.j.EncryptablePropertySourceConverter           - Converting PropertySource cachedrandom [org.springframework.cloud.util.random.CachedRandomPropertySource] to EncryptablePropertySourceWrapper
2022-05-20 22:13:41,601 [main] INFO  c.u.j.EncryptablePropertySourceConverter           - Converting PropertySource springCloudClientHostInfo [org.springframework.core.env.MapPropertySource] to EncryptableMapPropertySourceWrapper
2022-05-20 22:13:41,601 [main] INFO  c.u.j.EncryptablePropertySourceConverter           - Converting PropertySource Config resource 'class path resource [application-dev.properties]' via location 'optional:classpath:/' [org.springframework.boot.env.OriginTrackedMapPropertySource] to EncryptableMapPropertySourceWrapper
2022-05-20 22:13:41,602 [main] INFO  c.u.j.EncryptablePropertySourceConverter           - Converting PropertySource Config resource 'class path resource [application.properties]' via location 'optional:classpath:/' [org.springframework.boot.env.OriginTrackedMapPropertySource] to EncryptableMapPropertySourceWrapper
2022-05-20 22:13:41,740 [main] INFO  c.u.j.filter.DefaultLazyPropertyFilter             - Property Filter custom Bean not found with name 'encryptablePropertyFilter'. Initializing Default Property Filter
2022-05-20 22:13:42,063 [main] INFO  o.s.b.w.embedded.tomcat.TomcatWebServer            - Tomcat initialized with port(s): 8080 (http)
2022-05-20 22:13:42,078 [main] INFO  o.apache.coyote.http11.Http11NioProtocol           - Initializing ProtocolHandler ["http-nio-8080"]
2022-05-20 22:13:42,079 [main] INFO  org.apache.catalina.core.StandardService           - Starting service [Tomcat]
2022-05-20 22:13:42,080 [main] INFO  org.apache.catalina.core.StandardEngine            - Starting Servlet engine: [Apache Tomcat/9.0.58]
2022-05-20 22:13:42,351 [main] INFO  o.a.c.c.C.[Tomcat].[localhost].[/]                 - Initializing Spring embedded WebApplicationContext
2022-05-20 22:13:42,351 [main] INFO  o.s.b.w.s.c.ServletWebServerApplicationContext     - Root WebApplicationContext: initialization completed in 1580 ms
2022-05-20 22:13:42,364 [main] INFO  c.u.j.r.DefaultLazyPropertyResolver                - Property Resolver custom Bean not found with name 'encryptablePropertyResolver'. Initializing Default Property Resolver
2022-05-20 22:13:42,369 [main] INFO  c.u.j.d.DefaultLazyPropertyDetector                - Property Detector custom Bean not found with name 'encryptablePropertyDetector'. Initializing Default Property Detector
2022-05-20 22:13:42,585 [main] INFO  c.u.j.encryptor.DefaultLazyEncryptor               - String Encryptor custom Bean not found with name 'jasyptStringEncryptor'. Initializing Default String Encryptor
2022-05-20 22:13:42,608 [main] INFO  c.u.j.encryptor.DefaultLazyEncryptor               - Encryptor config not found for property jasypt.encryptor.key-obtention-iterations, using default value: 1000
2022-05-20 22:13:42,609 [main] INFO  c.u.j.encryptor.DefaultLazyEncryptor               - Encryptor config not found for property jasypt.encryptor.pool-size, using default value: 1
2022-05-20 22:13:42,610 [main] INFO  c.u.j.encryptor.DefaultLazyEncryptor               - Encryptor config not found for property jasypt.encryptor.provider-name, using default value: null
2022-05-20 22:13:42,611 [main] INFO  c.u.j.encryptor.DefaultLazyEncryptor               - Encryptor config not found for property jasypt.encryptor.provider-class-name, using default value: null
2022-05-20 22:13:42,612 [main] INFO  c.u.j.encryptor.DefaultLazyEncryptor               - Encryptor config not found for property jasypt.encryptor.salt-generator-classname, using default value: org.jasypt.salt.RandomSaltGenerator
2022-05-20 22:13:42,613 [main] INFO  c.u.j.encryptor.DefaultLazyEncryptor               - Encryptor config not found for property jasypt.encryptor.string-output-type, using default value: base64
2022-05-20 22:13:43,350 [main] INFO  o.s.b.a.s.s.UserDetailsServiceAutoConfiguration    - 

Using generated security password: 82aaa1cc-f0d1-492c-810f-0608cc10dd91

2022-05-20 22:13:43,460 [main] INFO  o.s.s.web.DefaultSecurityFilterChain               - Will not secure any request
2022-05-20 22:13:43,891 [main] INFO  o.apache.coyote.http11.Http11NioProtocol           - Starting ProtocolHandler ["http-nio-8080"]
2022-05-20 22:13:43,916 [main] INFO  o.s.b.w.embedded.tomcat.TomcatWebServer            - Tomcat started on port(s): 8080 (http) with context path ''
2022-05-20 22:13:44,263 [main] INFO  c.c.p.PostProcessingApplication                    - Started PostProcessingApplication in 4.888 seconds (JVM running for 5.909)
2022-05-20 22:14:00,077 [scheduling-1] INFO  c.a.c.i.jackson.JacksonVersion                     - Package versions: jackson-annotations=2.13.1, jackson-core=2.13.1, jackson-databind=2.13.1, jackson-dataformat-xml=2.13.1, jackson-datatype-jsr310=2.13.1, azure-core=1.25.0, Troubleshooting version conflicts: https://aka.ms/azsdk/java/dependency/troubleshoot
2022-05-20 22:14:03,256 [scheduling-1] INFO  c.c.p.scheduler.PostProcessingScheduler            - no file for archive
2022-05-20 22:15:00,382 [scheduling-1] INFO  c.c.p.scheduler.PostProcessingScheduler            - no file for archive
2022-05-20 22:16:00,014 [scheduling-1] INFO  c.c.p.scheduler.PostProcessingScheduler            - continues deployment:start postProcessing batch DevOps pipeline deployment testing
2022-05-20 22:16:00,351 [scheduling-1] INFO  c.c.p.scheduler.PostProcessingScheduler            - no file for post processing
2022-05-20 22:16:00,735 [scheduling-1] INFO  c.c.p.scheduler.PostProcessingScheduler            - no file for archive
2022-05-20 22:18:58,774 [main] INFO  c.c.p.PostProcessingApplication                    - Starting PostProcessingApplication using Java 1.8.0_131 on HTCLT2438 with PID 19272 (D:\postprocessing-code\Dev\postprocessing-application-insights-new\target\classes started by kumar.charanswain in D:\postprocessing-code\Dev\postprocessing-application-insights-new)
2022-05-20 22:18:58,793 [main] INFO  c.c.p.PostProcessingApplication                    - The following 1 profile is active: "dev"
2022-05-20 22:18:59,644 [main] INFO  o.s.cloud.context.scope.GenericScope               - BeanFactory id=906ce29f-0a4e-3067-81d7-4347f853df96
2022-05-20 22:18:59,663 [main] INFO  c.u.j.c.EnableEncryptablePropertiesBeanFactoryPostProcessor - Post-processing PropertySource instances
2022-05-20 22:18:59,723 [main] INFO  c.u.j.EncryptablePropertySourceConverter           - Converting PropertySource configurationProperties [org.springframework.boot.context.properties.source.ConfigurationPropertySourcesPropertySource] to AOP Proxy
2022-05-20 22:18:59,724 [main] INFO  c.u.j.EncryptablePropertySourceConverter           - Converting PropertySource commandLineArgs [org.springframework.core.env.SimpleCommandLinePropertySource] to EncryptableEnumerablePropertySourceWrapper
2022-05-20 22:18:59,725 [main] INFO  c.u.j.EncryptablePropertySourceConverter           - Converting PropertySource servletConfigInitParams [org.springframework.core.env.PropertySource$StubPropertySource] to EncryptablePropertySourceWrapper
2022-05-20 22:18:59,725 [main] INFO  c.u.j.EncryptablePropertySourceConverter           - Converting PropertySource servletContextInitParams [org.springframework.core.env.PropertySource$StubPropertySource] to EncryptablePropertySourceWrapper
2022-05-20 22:18:59,726 [main] INFO  c.u.j.EncryptablePropertySourceConverter           - Converting PropertySource systemProperties [org.springframework.core.env.PropertiesPropertySource] to EncryptableMapPropertySourceWrapper
2022-05-20 22:18:59,726 [main] INFO  c.u.j.EncryptablePropertySourceConverter           - Converting PropertySource systemEnvironment [org.springframework.boot.env.SystemEnvironmentPropertySourceEnvironmentPostProcessor$OriginAwareSystemEnvironmentPropertySource] to EncryptableSystemEnvironmentPropertySourceWrapper
2022-05-20 22:18:59,726 [main] INFO  c.u.j.EncryptablePropertySourceConverter           - Converting PropertySource random [org.springframework.boot.env.RandomValuePropertySource] to EncryptablePropertySourceWrapper
2022-05-20 22:18:59,726 [main] INFO  c.u.j.EncryptablePropertySourceConverter           - Converting PropertySource cachedrandom [org.springframework.cloud.util.random.CachedRandomPropertySource] to EncryptablePropertySourceWrapper
2022-05-20 22:18:59,727 [main] INFO  c.u.j.EncryptablePropertySourceConverter           - Converting PropertySource springCloudClientHostInfo [org.springframework.core.env.MapPropertySource] to EncryptableMapPropertySourceWrapper
2022-05-20 22:18:59,727 [main] INFO  c.u.j.EncryptablePropertySourceConverter           - Converting PropertySource Config resource 'class path resource [application-dev.properties]' via location 'optional:classpath:/' [org.springframework.boot.env.OriginTrackedMapPropertySource] to EncryptableMapPropertySourceWrapper
2022-05-20 22:18:59,727 [main] INFO  c.u.j.EncryptablePropertySourceConverter           - Converting PropertySource Config resource 'class path resource [application.properties]' via location 'optional:classpath:/' [org.springframework.boot.env.OriginTrackedMapPropertySource] to EncryptableMapPropertySourceWrapper
2022-05-20 22:18:59,854 [main] INFO  c.u.j.filter.DefaultLazyPropertyFilter             - Property Filter custom Bean not found with name 'encryptablePropertyFilter'. Initializing Default Property Filter
2022-05-20 22:19:00,171 [main] INFO  o.s.b.w.embedded.tomcat.TomcatWebServer            - Tomcat initialized with port(s): 8080 (http)
2022-05-20 22:19:00,180 [main] INFO  o.apache.coyote.http11.Http11NioProtocol           - Initializing ProtocolHandler ["http-nio-8080"]
2022-05-20 22:19:00,181 [main] INFO  org.apache.catalina.core.StandardService           - Starting service [Tomcat]
2022-05-20 22:19:00,182 [main] INFO  org.apache.catalina.core.StandardEngine            - Starting Servlet engine: [Apache Tomcat/9.0.58]
2022-05-20 22:19:00,438 [main] INFO  o.a.c.c.C.[Tomcat].[localhost].[/]                 - Initializing Spring embedded WebApplicationContext
2022-05-20 22:19:00,439 [main] INFO  o.s.b.w.s.c.ServletWebServerApplicationContext     - Root WebApplicationContext: initialization completed in 1594 ms
2022-05-20 22:19:00,456 [main] INFO  c.u.j.r.DefaultLazyPropertyResolver                - Property Resolver custom Bean not found with name 'encryptablePropertyResolver'. Initializing Default Property Resolver
2022-05-20 22:19:00,463 [main] INFO  c.u.j.d.DefaultLazyPropertyDetector                - Property Detector custom Bean not found with name 'encryptablePropertyDetector'. Initializing Default Property Detector
2022-05-20 22:19:00,660 [main] INFO  c.u.j.encryptor.DefaultLazyEncryptor               - String Encryptor custom Bean not found with name 'jasyptStringEncryptor'. Initializing Default String Encryptor
2022-05-20 22:19:00,682 [main] INFO  c.u.j.encryptor.DefaultLazyEncryptor               - Encryptor config not found for property jasypt.encryptor.key-obtention-iterations, using default value: 1000
2022-05-20 22:19:00,683 [main] INFO  c.u.j.encryptor.DefaultLazyEncryptor               - Encryptor config not found for property jasypt.encryptor.pool-size, using default value: 1
2022-05-20 22:19:00,684 [main] INFO  c.u.j.encryptor.DefaultLazyEncryptor               - Encryptor config not found for property jasypt.encryptor.provider-name, using default value: null
2022-05-20 22:19:00,685 [main] INFO  c.u.j.encryptor.DefaultLazyEncryptor               - Encryptor config not found for property jasypt.encryptor.provider-class-name, using default value: null
2022-05-20 22:19:00,686 [main] INFO  c.u.j.encryptor.DefaultLazyEncryptor               - Encryptor config not found for property jasypt.encryptor.salt-generator-classname, using default value: org.jasypt.salt.RandomSaltGenerator
2022-05-20 22:19:00,689 [main] INFO  c.u.j.encryptor.DefaultLazyEncryptor               - Encryptor config not found for property jasypt.encryptor.string-output-type, using default value: base64
2022-05-20 22:19:01,358 [main] INFO  o.s.b.a.s.s.UserDetailsServiceAutoConfiguration    - 

Using generated security password: 0354e228-4538-4fcc-b87e-49860cbc5e72

2022-05-20 22:19:01,471 [main] INFO  o.s.s.web.DefaultSecurityFilterChain               - Will not secure any request
2022-05-20 22:19:01,857 [main] INFO  o.apache.coyote.http11.Http11NioProtocol           - Starting ProtocolHandler ["http-nio-8080"]
2022-05-20 22:19:01,883 [main] INFO  o.s.b.w.embedded.tomcat.TomcatWebServer            - Tomcat started on port(s): 8080 (http) with context path ''
2022-05-20 22:19:02,266 [main] INFO  c.c.p.PostProcessingApplication                    - Started PostProcessingApplication in 4.773 seconds (JVM running for 5.724)
2022-05-20 22:20:00,005 [scheduling-1] INFO  c.c.p.scheduler.PostProcessingScheduler            - continues deployment:start postProcessing batch DevOps pipeline deployment testing
2022-05-20 22:20:00,087 [scheduling-1] INFO  c.a.c.i.jackson.JacksonVersion                     - Package versions: jackson-annotations=2.13.1, jackson-core=2.13.1, jackson-databind=2.13.1, jackson-dataformat-xml=2.13.1, jackson-datatype-jsr310=2.13.1, azure-core=1.25.0, Troubleshooting version conflicts: https://aka.ms/azsdk/java/dependency/troubleshoot
2022-05-20 22:20:13,625 [scheduling-1] INFO  c.c.p.scheduler.PostProcessingScheduler            - process file details:20220421063994W005443213FOhsgF_ST_DE.pdf
2022-05-20 22:20:19,248 [scheduling-1] INFO  c.c.p.scheduler.PostProcessingScheduler            - process file details:20220215063904W006554657TTYoidf_PG.pdf
2022-05-20 22:20:25,084 [scheduling-1] INFO  c.c.p.scheduler.PostProcessingScheduler            - process file details:20220215063904W006543278FTbmkF_PG.pdf
2022-05-20 22:20:38,395 [scheduling-1] INFO  c.c.p.scheduler.PostProcessingScheduler            - logFile file:postprocessing_2022-05-20.log
