2022-05-19 12:57:21,936 [main] INFO  c.c.p.PostProcessingApplication                    - Starting PostProcessingApplication using Java 1.8.0_131 on HTCLT2438 with PID 22664 (D:\postprocessing-code\postprocessing-application-insights-new\target\classes started by kumar.charanswain in D:\postprocessing-code\postprocessing-application-insights-new)
2022-05-19 12:57:21,957 [main] INFO  c.c.p.PostProcessingApplication                    - The following 1 profile is active: "dev"
2022-05-19 12:57:22,733 [main] INFO  o.s.cloud.context.scope.GenericScope               - BeanFactory id=906ce29f-0a4e-3067-81d7-4347f853df96
2022-05-19 12:57:22,746 [main] INFO  c.u.j.c.EnableEncryptablePropertiesBeanFactoryPostProcessor - Post-processing PropertySource instances
2022-05-19 12:57:22,805 [main] INFO  c.u.j.EncryptablePropertySourceConverter           - Converting PropertySource configurationProperties [org.springframework.boot.context.properties.source.ConfigurationPropertySourcesPropertySource] to AOP Proxy
2022-05-19 12:57:22,806 [main] INFO  c.u.j.EncryptablePropertySourceConverter           - Converting PropertySource servletConfigInitParams [org.springframework.core.env.PropertySource$StubPropertySource] to EncryptablePropertySourceWrapper
2022-05-19 12:57:22,806 [main] INFO  c.u.j.EncryptablePropertySourceConverter           - Converting PropertySource servletContextInitParams [org.springframework.core.env.PropertySource$StubPropertySource] to EncryptablePropertySourceWrapper
2022-05-19 12:57:22,807 [main] INFO  c.u.j.EncryptablePropertySourceConverter           - Converting PropertySource systemProperties [org.springframework.core.env.PropertiesPropertySource] to EncryptableMapPropertySourceWrapper
2022-05-19 12:57:22,807 [main] INFO  c.u.j.EncryptablePropertySourceConverter           - Converting PropertySource systemEnvironment [org.springframework.boot.env.SystemEnvironmentPropertySourceEnvironmentPostProcessor$OriginAwareSystemEnvironmentPropertySource] to EncryptableSystemEnvironmentPropertySourceWrapper
2022-05-19 12:57:22,807 [main] INFO  c.u.j.EncryptablePropertySourceConverter           - Converting PropertySource random [org.springframework.boot.env.RandomValuePropertySource] to EncryptablePropertySourceWrapper
2022-05-19 12:57:22,807 [main] INFO  c.u.j.EncryptablePropertySourceConverter           - Converting PropertySource cachedrandom [org.springframework.cloud.util.random.CachedRandomPropertySource] to EncryptablePropertySourceWrapper
2022-05-19 12:57:22,807 [main] INFO  c.u.j.EncryptablePropertySourceConverter           - Converting PropertySource springCloudClientHostInfo [org.springframework.core.env.MapPropertySource] to EncryptableMapPropertySourceWrapper
2022-05-19 12:57:22,808 [main] INFO  c.u.j.EncryptablePropertySourceConverter           - Converting PropertySource Config resource 'class path resource [application-dev.properties]' via location 'optional:classpath:/' [org.springframework.boot.env.OriginTrackedMapPropertySource] to EncryptableMapPropertySourceWrapper
2022-05-19 12:57:22,808 [main] INFO  c.u.j.EncryptablePropertySourceConverter           - Converting PropertySource Config resource 'class path resource [application.properties]' via location 'optional:classpath:/' [org.springframework.boot.env.OriginTrackedMapPropertySource] to EncryptableMapPropertySourceWrapper
2022-05-19 12:57:22,945 [main] INFO  c.u.j.filter.DefaultLazyPropertyFilter             - Property Filter custom Bean not found with name 'encryptablePropertyFilter'. Initializing Default Property Filter
2022-05-19 12:57:23,245 [main] INFO  o.s.b.w.embedded.tomcat.TomcatWebServer            - Tomcat initialized with port(s): 8080 (http)
2022-05-19 12:57:23,255 [main] INFO  o.apache.coyote.http11.Http11NioProtocol           - Initializing ProtocolHandler ["http-nio-8080"]
2022-05-19 12:57:23,256 [main] INFO  org.apache.catalina.core.StandardService           - Starting service [Tomcat]
2022-05-19 12:57:23,256 [main] INFO  org.apache.catalina.core.StandardEngine            - Starting Servlet engine: [Apache Tomcat/9.0.58]
2022-05-19 12:57:23,510 [main] INFO  o.a.c.c.C.[Tomcat].[localhost].[/]                 - Initializing Spring embedded WebApplicationContext
2022-05-19 12:57:23,511 [main] INFO  o.s.b.w.s.c.ServletWebServerApplicationContext     - Root WebApplicationContext: initialization completed in 1502 ms
2022-05-19 12:57:23,524 [main] INFO  c.u.j.r.DefaultLazyPropertyResolver                - Property Resolver custom Bean not found with name 'encryptablePropertyResolver'. Initializing Default Property Resolver
2022-05-19 12:57:23,528 [main] INFO  c.u.j.d.DefaultLazyPropertyDetector                - Property Detector custom Bean not found with name 'encryptablePropertyDetector'. Initializing Default Property Detector
2022-05-19 12:57:23,733 [main] INFO  c.u.j.encryptor.DefaultLazyEncryptor               - String Encryptor custom Bean not found with name 'jasyptStringEncryptor'. Initializing Default String Encryptor
2022-05-19 12:57:23,755 [main] INFO  c.u.j.encryptor.DefaultLazyEncryptor               - Encryptor config not found for property jasypt.encryptor.key-obtention-iterations, using default value: 1000
2022-05-19 12:57:23,756 [main] INFO  c.u.j.encryptor.DefaultLazyEncryptor               - Encryptor config not found for property jasypt.encryptor.pool-size, using default value: 1
2022-05-19 12:57:23,757 [main] INFO  c.u.j.encryptor.DefaultLazyEncryptor               - Encryptor config not found for property jasypt.encryptor.provider-name, using default value: null
2022-05-19 12:57:23,757 [main] INFO  c.u.j.encryptor.DefaultLazyEncryptor               - Encryptor config not found for property jasypt.encryptor.provider-class-name, using default value: null
2022-05-19 12:57:23,758 [main] INFO  c.u.j.encryptor.DefaultLazyEncryptor               - Encryptor config not found for property jasypt.encryptor.salt-generator-classname, using default value: org.jasypt.salt.RandomSaltGenerator
2022-05-19 12:57:23,760 [main] INFO  c.u.j.encryptor.DefaultLazyEncryptor               - Encryptor config not found for property jasypt.encryptor.string-output-type, using default value: base64
2022-05-19 12:57:24,442 [main] INFO  o.s.b.a.s.s.UserDetailsServiceAutoConfiguration    - 

Using generated security password: 53cabe08-f617-4320-abbe-ee3b26c9cb0c

2022-05-19 12:57:24,565 [main] INFO  o.s.s.web.DefaultSecurityFilterChain               - Will not secure any request
2022-05-19 12:57:24,916 [main] INFO  o.apache.coyote.http11.Http11NioProtocol           - Starting ProtocolHandler ["http-nio-8080"]
2022-05-19 12:57:24,947 [main] INFO  o.s.b.w.embedded.tomcat.TomcatWebServer            - Tomcat started on port(s): 8080 (http) with context path ''
2022-05-19 12:57:25,256 [main] INFO  c.c.p.PostProcessingApplication                    - Started PostProcessingApplication in 4.758 seconds (JVM running for 6.183)
2022-05-19 12:58:00,003 [scheduling-1] INFO  c.c.p.scheduler.PostProcessingScheduler            - insights-new continues deployment:start postProcessing batch DevOps pipeline deployment testing
2022-05-19 12:58:00,072 [scheduling-1] INFO  c.a.c.i.jackson.JacksonVersion                     - Package versions: jackson-annotations=2.13.1, jackson-core=2.13.1, jackson-databind=2.13.1, jackson-dataformat-xml=2.13.1, jackson-datatype-jsr310=2.13.1, azure-core=1.25.0, Troubleshooting version conflicts: https://aka.ms/azsdk/java/dependency/troubleshoot
2022-05-19 12:58:07,523 [scheduling-1] INFO  c.c.p.scheduler.PostProcessingScheduler            - process file details:20220215063904W006554657TTYoidf_PG.pdf
2022-05-19 12:59:07,939 [scheduling-1] INFO  c.c.p.scheduler.PostProcessingScheduler            - license file name:Aspose.PDF.Java.lic
2022-05-19 13:01:09,030 [scheduling-1] INFO  c.c.p.scheduler.PostProcessingScheduler            - 22.2
2022-05-19 13:01:16,629 [scheduling-1] INFO  c.c.p.scheduler.PostProcessingScheduler            - process file details:20220215063904W006543278FTbmkF_PG.pdf
2022-05-19 13:01:23,317 [scheduling-1] INFO  c.c.p.scheduler.PostProcessingScheduler            - license file name:Aspose.PDF.Java.lic
2022-05-19 13:01:23,694 [scheduling-1] INFO  c.c.p.scheduler.PostProcessingScheduler            - 22.2
2022-05-19 13:01:30,696 [scheduling-1] INFO  c.c.p.scheduler.PostProcessingScheduler            - logFile file:postprocessing_2022-05-19.log
2022-05-19 13:01:32,318 [scheduling-1] INFO  c.c.p.scheduler.PostProcessingScheduler            - smart comm post processing successfully
2022-05-19 13:04:56,837 [main] INFO  c.c.p.PostProcessingApplication                    - Starting PostProcessingApplication using Java 1.8.0_131 on HTCLT2438 with PID 14896 (D:\postprocessing-code\postprocessing-application-insights-new\target\classes started by kumar.charanswain in D:\postprocessing-code\postprocessing-application-insights-new)
2022-05-19 13:04:56,857 [main] INFO  c.c.p.PostProcessingApplication                    - The following 1 profile is active: "dev"
2022-05-19 13:04:57,604 [main] INFO  o.s.cloud.context.scope.GenericScope               - BeanFactory id=906ce29f-0a4e-3067-81d7-4347f853df96
2022-05-19 13:04:57,620 [main] INFO  c.u.j.c.EnableEncryptablePropertiesBeanFactoryPostProcessor - Post-processing PropertySource instances
2022-05-19 13:04:57,687 [main] INFO  c.u.j.EncryptablePropertySourceConverter           - Converting PropertySource configurationProperties [org.springframework.boot.context.properties.source.ConfigurationPropertySourcesPropertySource] to AOP Proxy
2022-05-19 13:04:57,688 [main] INFO  c.u.j.EncryptablePropertySourceConverter           - Converting PropertySource servletConfigInitParams [org.springframework.core.env.PropertySource$StubPropertySource] to EncryptablePropertySourceWrapper
2022-05-19 13:04:57,688 [main] INFO  c.u.j.EncryptablePropertySourceConverter           - Converting PropertySource servletContextInitParams [org.springframework.core.env.PropertySource$StubPropertySource] to EncryptablePropertySourceWrapper
2022-05-19 13:04:57,689 [main] INFO  c.u.j.EncryptablePropertySourceConverter           - Converting PropertySource systemProperties [org.springframework.core.env.PropertiesPropertySource] to EncryptableMapPropertySourceWrapper
2022-05-19 13:04:57,689 [main] INFO  c.u.j.EncryptablePropertySourceConverter           - Converting PropertySource systemEnvironment [org.springframework.boot.env.SystemEnvironmentPropertySourceEnvironmentPostProcessor$OriginAwareSystemEnvironmentPropertySource] to EncryptableSystemEnvironmentPropertySourceWrapper
2022-05-19 13:04:57,689 [main] INFO  c.u.j.EncryptablePropertySourceConverter           - Converting PropertySource random [org.springframework.boot.env.RandomValuePropertySource] to EncryptablePropertySourceWrapper
2022-05-19 13:04:57,689 [main] INFO  c.u.j.EncryptablePropertySourceConverter           - Converting PropertySource cachedrandom [org.springframework.cloud.util.random.CachedRandomPropertySource] to EncryptablePropertySourceWrapper
2022-05-19 13:04:57,689 [main] INFO  c.u.j.EncryptablePropertySourceConverter           - Converting PropertySource springCloudClientHostInfo [org.springframework.core.env.MapPropertySource] to EncryptableMapPropertySourceWrapper
2022-05-19 13:04:57,690 [main] INFO  c.u.j.EncryptablePropertySourceConverter           - Converting PropertySource Config resource 'class path resource [application-dev.properties]' via location 'optional:classpath:/' [org.springframework.boot.env.OriginTrackedMapPropertySource] to EncryptableMapPropertySourceWrapper
2022-05-19 13:04:57,690 [main] INFO  c.u.j.EncryptablePropertySourceConverter           - Converting PropertySource Config resource 'class path resource [application.properties]' via location 'optional:classpath:/' [org.springframework.boot.env.OriginTrackedMapPropertySource] to EncryptableMapPropertySourceWrapper
2022-05-19 13:04:57,845 [main] INFO  c.u.j.filter.DefaultLazyPropertyFilter             - Property Filter custom Bean not found with name 'encryptablePropertyFilter'. Initializing Default Property Filter
2022-05-19 13:04:58,118 [main] INFO  o.s.b.w.embedded.tomcat.TomcatWebServer            - Tomcat initialized with port(s): 8080 (http)
2022-05-19 13:04:58,127 [main] INFO  o.apache.coyote.http11.Http11NioProtocol           - Initializing ProtocolHandler ["http-nio-8080"]
2022-05-19 13:04:58,128 [main] INFO  org.apache.catalina.core.StandardService           - Starting service [Tomcat]
2022-05-19 13:04:58,128 [main] INFO  org.apache.catalina.core.StandardEngine            - Starting Servlet engine: [Apache Tomcat/9.0.58]
2022-05-19 13:04:58,342 [main] INFO  o.a.c.c.C.[Tomcat].[localhost].[/]                 - Initializing Spring embedded WebApplicationContext
2022-05-19 13:04:58,343 [main] INFO  o.s.b.w.s.c.ServletWebServerApplicationContext     - Root WebApplicationContext: initialization completed in 1430 ms
2022-05-19 13:04:58,355 [main] INFO  c.u.j.r.DefaultLazyPropertyResolver                - Property Resolver custom Bean not found with name 'encryptablePropertyResolver'. Initializing Default Property Resolver
2022-05-19 13:04:58,359 [main] INFO  c.u.j.d.DefaultLazyPropertyDetector                - Property Detector custom Bean not found with name 'encryptablePropertyDetector'. Initializing Default Property Detector
2022-05-19 13:04:58,573 [main] INFO  c.u.j.encryptor.DefaultLazyEncryptor               - String Encryptor custom Bean not found with name 'jasyptStringEncryptor'. Initializing Default String Encryptor
2022-05-19 13:04:58,594 [main] INFO  c.u.j.encryptor.DefaultLazyEncryptor               - Encryptor config not found for property jasypt.encryptor.key-obtention-iterations, using default value: 1000
2022-05-19 13:04:58,595 [main] INFO  c.u.j.encryptor.DefaultLazyEncryptor               - Encryptor config not found for property jasypt.encryptor.pool-size, using default value: 1
2022-05-19 13:04:58,595 [main] INFO  c.u.j.encryptor.DefaultLazyEncryptor               - Encryptor config not found for property jasypt.encryptor.provider-name, using default value: null
2022-05-19 13:04:58,596 [main] INFO  c.u.j.encryptor.DefaultLazyEncryptor               - Encryptor config not found for property jasypt.encryptor.provider-class-name, using default value: null
2022-05-19 13:04:58,597 [main] INFO  c.u.j.encryptor.DefaultLazyEncryptor               - Encryptor config not found for property jasypt.encryptor.salt-generator-classname, using default value: org.jasypt.salt.RandomSaltGenerator
2022-05-19 13:04:58,598 [main] INFO  c.u.j.encryptor.DefaultLazyEncryptor               - Encryptor config not found for property jasypt.encryptor.string-output-type, using default value: base64
2022-05-19 13:04:59,248 [main] INFO  o.s.b.a.s.s.UserDetailsServiceAutoConfiguration    - 

Using generated security password: 14709b31-2a87-4f95-b009-4a2e7ddb4329

2022-05-19 13:04:59,378 [main] INFO  o.s.s.web.DefaultSecurityFilterChain               - Will not secure any request
2022-05-19 13:04:59,779 [main] INFO  o.apache.coyote.http11.Http11NioProtocol           - Starting ProtocolHandler ["http-nio-8080"]
2022-05-19 13:04:59,802 [main] INFO  o.s.b.w.embedded.tomcat.TomcatWebServer            - Tomcat started on port(s): 8080 (http) with context path ''
2022-05-19 13:05:00,176 [main] INFO  c.c.p.PostProcessingApplication                    - Started PostProcessingApplication in 4.693 seconds (JVM running for 5.54)
2022-05-19 13:06:00,010 [scheduling-1] INFO  c.c.p.scheduler.PostProcessingScheduler            - insights-new continues deployment:start postProcessing batch DevOps pipeline deployment testing
2022-05-19 13:06:00,089 [scheduling-1] INFO  c.a.c.i.jackson.JacksonVersion                     - Package versions: jackson-annotations=2.13.1, jackson-core=2.13.1, jackson-databind=2.13.1, jackson-dataformat-xml=2.13.1, jackson-datatype-jsr310=2.13.1, azure-core=1.25.0, Troubleshooting version conflicts: https://aka.ms/azsdk/java/dependency/troubleshoot
2022-05-19 13:06:14,348 [scheduling-1] INFO  c.c.p.scheduler.PostProcessingScheduler            - process file details:20220215063904W006554657TTYoidf_PG.pdf
2022-05-19 13:06:18,139 [scheduling-1] INFO  c.c.p.scheduler.PostProcessingScheduler            - license file name:Aspose.PDF.Java.lic
2022-05-19 13:07:26,485 [scheduling-1] INFO  c.c.p.scheduler.PostProcessingScheduler            - 22.2
2022-05-19 13:10:33,682 [scheduling-1] INFO  c.c.p.scheduler.PostProcessingScheduler            - Exception:null
2022-05-19 13:12:44,657 [main] INFO  c.c.p.PostProcessingApplication                    - Starting PostProcessingApplication using Java 1.8.0_131 on HTCLT2438 with PID 22764 (D:\postprocessing-code\postprocessing-application-insights-new\target\classes started by kumar.charanswain in D:\postprocessing-code\postprocessing-application-insights-new)
2022-05-19 13:12:44,675 [main] INFO  c.c.p.PostProcessingApplication                    - The following 1 profile is active: "dev"
2022-05-19 13:12:45,451 [main] INFO  o.s.cloud.context.scope.GenericScope               - BeanFactory id=906ce29f-0a4e-3067-81d7-4347f853df96
2022-05-19 13:12:45,468 [main] INFO  c.u.j.c.EnableEncryptablePropertiesBeanFactoryPostProcessor - Post-processing PropertySource instances
2022-05-19 13:12:45,536 [main] INFO  c.u.j.EncryptablePropertySourceConverter           - Converting PropertySource configurationProperties [org.springframework.boot.context.properties.source.ConfigurationPropertySourcesPropertySource] to AOP Proxy
2022-05-19 13:12:45,538 [main] INFO  c.u.j.EncryptablePropertySourceConverter           - Converting PropertySource servletConfigInitParams [org.springframework.core.env.PropertySource$StubPropertySource] to EncryptablePropertySourceWrapper
2022-05-19 13:12:45,538 [main] INFO  c.u.j.EncryptablePropertySourceConverter           - Converting PropertySource servletContextInitParams [org.springframework.core.env.PropertySource$StubPropertySource] to EncryptablePropertySourceWrapper
2022-05-19 13:12:45,538 [main] INFO  c.u.j.EncryptablePropertySourceConverter           - Converting PropertySource systemProperties [org.springframework.core.env.PropertiesPropertySource] to EncryptableMapPropertySourceWrapper
2022-05-19 13:12:45,538 [main] INFO  c.u.j.EncryptablePropertySourceConverter           - Converting PropertySource systemEnvironment [org.springframework.boot.env.SystemEnvironmentPropertySourceEnvironmentPostProcessor$OriginAwareSystemEnvironmentPropertySource] to EncryptableSystemEnvironmentPropertySourceWrapper
2022-05-19 13:12:45,538 [main] INFO  c.u.j.EncryptablePropertySourceConverter           - Converting PropertySource random [org.springframework.boot.env.RandomValuePropertySource] to EncryptablePropertySourceWrapper
2022-05-19 13:12:45,539 [main] INFO  c.u.j.EncryptablePropertySourceConverter           - Converting PropertySource cachedrandom [org.springframework.cloud.util.random.CachedRandomPropertySource] to EncryptablePropertySourceWrapper
2022-05-19 13:12:45,539 [main] INFO  c.u.j.EncryptablePropertySourceConverter           - Converting PropertySource springCloudClientHostInfo [org.springframework.core.env.MapPropertySource] to EncryptableMapPropertySourceWrapper
2022-05-19 13:12:45,539 [main] INFO  c.u.j.EncryptablePropertySourceConverter           - Converting PropertySource Config resource 'class path resource [application-dev.properties]' via location 'optional:classpath:/' [org.springframework.boot.env.OriginTrackedMapPropertySource] to EncryptableMapPropertySourceWrapper
2022-05-19 13:12:45,539 [main] INFO  c.u.j.EncryptablePropertySourceConverter           - Converting PropertySource Config resource 'class path resource [application.properties]' via location 'optional:classpath:/' [org.springframework.boot.env.OriginTrackedMapPropertySource] to EncryptableMapPropertySourceWrapper
2022-05-19 13:12:45,674 [main] INFO  c.u.j.filter.DefaultLazyPropertyFilter             - Property Filter custom Bean not found with name 'encryptablePropertyFilter'. Initializing Default Property Filter
2022-05-19 13:12:45,979 [main] INFO  o.s.b.w.embedded.tomcat.TomcatWebServer            - Tomcat initialized with port(s): 8080 (http)
2022-05-19 13:12:45,991 [main] INFO  o.apache.coyote.http11.Http11NioProtocol           - Initializing ProtocolHandler ["http-nio-8080"]
2022-05-19 13:12:45,992 [main] INFO  org.apache.catalina.core.StandardService           - Starting service [Tomcat]
2022-05-19 13:12:45,992 [main] INFO  org.apache.catalina.core.StandardEngine            - Starting Servlet engine: [Apache Tomcat/9.0.58]
2022-05-19 13:12:46,209 [main] INFO  o.a.c.c.C.[Tomcat].[localhost].[/]                 - Initializing Spring embedded WebApplicationContext
2022-05-19 13:12:46,209 [main] INFO  o.s.b.w.s.c.ServletWebServerApplicationContext     - Root WebApplicationContext: initialization completed in 1480 ms
2022-05-19 13:12:46,220 [main] INFO  c.u.j.r.DefaultLazyPropertyResolver                - Property Resolver custom Bean not found with name 'encryptablePropertyResolver'. Initializing Default Property Resolver
2022-05-19 13:12:46,224 [main] INFO  c.u.j.d.DefaultLazyPropertyDetector                - Property Detector custom Bean not found with name 'encryptablePropertyDetector'. Initializing Default Property Detector
2022-05-19 13:12:46,428 [main] INFO  c.u.j.encryptor.DefaultLazyEncryptor               - String Encryptor custom Bean not found with name 'jasyptStringEncryptor'. Initializing Default String Encryptor
2022-05-19 13:12:46,453 [main] INFO  c.u.j.encryptor.DefaultLazyEncryptor               - Encryptor config not found for property jasypt.encryptor.key-obtention-iterations, using default value: 1000
2022-05-19 13:12:46,454 [main] INFO  c.u.j.encryptor.DefaultLazyEncryptor               - Encryptor config not found for property jasypt.encryptor.pool-size, using default value: 1
2022-05-19 13:12:46,455 [main] INFO  c.u.j.encryptor.DefaultLazyEncryptor               - Encryptor config not found for property jasypt.encryptor.provider-name, using default value: null
2022-05-19 13:12:46,456 [main] INFO  c.u.j.encryptor.DefaultLazyEncryptor               - Encryptor config not found for property jasypt.encryptor.provider-class-name, using default value: null
2022-05-19 13:12:46,457 [main] INFO  c.u.j.encryptor.DefaultLazyEncryptor               - Encryptor config not found for property jasypt.encryptor.salt-generator-classname, using default value: org.jasypt.salt.RandomSaltGenerator
2022-05-19 13:12:46,459 [main] INFO  c.u.j.encryptor.DefaultLazyEncryptor               - Encryptor config not found for property jasypt.encryptor.string-output-type, using default value: base64
2022-05-19 13:12:47,127 [main] INFO  o.s.b.a.s.s.UserDetailsServiceAutoConfiguration    - 

Using generated security password: 54fe7755-598d-4745-8d2b-0b38ec2343bc

2022-05-19 13:12:47,253 [main] INFO  o.s.s.web.DefaultSecurityFilterChain               - Will not secure any request
2022-05-19 13:12:47,623 [main] INFO  o.apache.coyote.http11.Http11NioProtocol           - Starting ProtocolHandler ["http-nio-8080"]
2022-05-19 13:12:47,647 [main] INFO  o.s.b.w.embedded.tomcat.TomcatWebServer            - Tomcat started on port(s): 8080 (http) with context path ''
2022-05-19 13:12:47,958 [main] INFO  c.c.p.PostProcessingApplication                    - Started PostProcessingApplication in 4.471 seconds (JVM running for 5.316)
2022-05-19 13:13:00,013 [scheduling-1] INFO  c.c.p.scheduler.PostProcessingScheduler            - insights-new continues deployment:start postProcessing batch DevOps pipeline deployment testing
2022-05-19 13:13:00,077 [scheduling-1] INFO  c.a.c.i.jackson.JacksonVersion                     - Package versions: jackson-annotations=2.13.1, jackson-core=2.13.1, jackson-databind=2.13.1, jackson-dataformat-xml=2.13.1, jackson-datatype-jsr310=2.13.1, azure-core=1.25.0, Troubleshooting version conflicts: https://aka.ms/azsdk/java/dependency/troubleshoot
2022-05-19 13:13:09,012 [scheduling-1] INFO  c.c.p.scheduler.PostProcessingScheduler            - process file details:20220215063904W006554657TTYoidf_PG.pdf
2022-05-19 13:13:11,571 [scheduling-1] INFO  c.c.p.scheduler.PostProcessingScheduler            - license file name:Aspose.PDF.Java.lic
2022-05-19 13:13:12,714 [scheduling-1] INFO  c.c.p.scheduler.PostProcessingScheduler            - 22.2
2022-05-19 13:13:21,302 [scheduling-1] INFO  c.c.p.scheduler.PostProcessingScheduler            - process file details:20220215063904W006543278FTbmkF_PG.pdf
2022-05-19 13:13:23,052 [scheduling-1] INFO  c.c.p.scheduler.PostProcessingScheduler            - license file name:Aspose.PDF.Java.lic
2022-05-19 13:13:23,398 [scheduling-1] INFO  c.c.p.scheduler.PostProcessingScheduler            - 22.2
2022-05-19 13:13:38,055 [scheduling-1] INFO  c.c.p.scheduler.PostProcessingScheduler            - logFile file:postprocessing_2022-05-19.log
2022-05-19 13:13:54,941 [scheduling-1] INFO  c.c.p.scheduler.PostProcessingScheduler            - smart comm post processing successfully
